\BOOKMARK [-1][-]{part.1}{\376\377\000I\000\040\000M\000a\000t\000h\000e\000m\000a\000t\000i\000c\000s}{}% 1
\BOOKMARK [0][-]{chapter.1}{\376\377\000A\000x\000i\000o\000m\000a\000t\000i\000c\000\040\000S\000e\000t\000\040\000T\000h\000e\000o\000r\000y}{part.1}% 2
\BOOKMARK [1][-]{section.1.1}{\376\377\000P\000r\000o\000p\000o\000s\000i\000t\000i\000o\000n\000a\000l\000\040\000L\000o\000g\000i\000c}{chapter.1}% 3
\BOOKMARK [1][-]{section.1.2}{\376\377\000P\000r\000e\000d\000i\000c\000a\000t\000e\000\040\000L\000o\000g\000i\000c}{chapter.1}% 4
\BOOKMARK [1][-]{section.1.3}{\376\377\000A\000x\000i\000o\000m\000a\000t\000i\000c\000\040\000S\000y\000s\000t\000e\000m\000s\000\040\000\046\000\040\000T\000h\000e\000o\000r\000y\000\040\000O\000f\000\040\000P\000r\000o\000o\000f\000s}{chapter.1}% 5
\BOOKMARK [1][-]{section.1.4}{\376\377\000T\000h\000e\000\040\000e\000p\000s\000i\000l\000o\000n\000-\000r\000e\000l\000a\000t\000i\000o\000n}{chapter.1}% 6
\BOOKMARK [1][-]{section.1.5}{\376\377\000Z\000e\000r\000m\000e\000l\000o\000-\000F\000r\000a\000e\000n\000k\000e\000l\000\040\000A\000x\000i\000o\000m\000s\000\040\000O\000f\000\040\000S\000e\000t\000\040\000T\000h\000e\000o\000r\000y}{chapter.1}% 7
\BOOKMARK [1][-]{section.1.6}{\376\377\000M\000a\000p\000s\000\040\000B\000e\000t\000w\000e\000e\000n\000\040\000S\000e\000t\000s}{chapter.1}% 8
\BOOKMARK [1][-]{section.1.7}{\376\377\000E\000q\000u\000i\000v\000a\000l\000e\000n\000c\000e\000\040\000R\000e\000l\000a\000t\000i\000o\000n\000s}{chapter.1}% 9
\BOOKMARK [1][-]{section.1.8}{\376\377\000C\000o\000n\000s\000t\000r\000u\000c\000t\000i\000o\000n\000\040\000o\000f\000\040\000N\000,\000\040\000Z\000,\000\040\000Q\000\040\000a\000n\000d\000\040\000R}{chapter.1}% 10
\BOOKMARK [0][-]{chapter.2}{\376\377\000A\000l\000g\000e\000b\000r\000a\000i\000c\000\040\000S\000t\000r\000u\000c\000t\000u\000r\000e\000s}{part.1}% 11
\BOOKMARK [1][-]{section.2.1}{\376\377\000G\000r\000o\000u\000p\000s}{chapter.2}% 12
\BOOKMARK [1][-]{section.2.2}{\376\377\000F\000i\000e\000l\000d\000s}{chapter.2}% 13
\BOOKMARK [1][-]{section.2.3}{\376\377\000V\000e\000c\000t\000o\000r\000\040\000S\000p\000a\000c\000e\000s}{chapter.2}% 14
\BOOKMARK [2][-]{subsection.2.3.1}{\376\377\000L\000i\000n\000e\000a\000r\000\040\000M\000a\000p\000s}{section.2.3}% 15
\BOOKMARK [2][-]{subsection.2.3.2}{\376\377\000B\000a\000s\000i\000s\000\040\000O\000f\000\040\000V\000e\000c\000t\000o\000r\000\040\000S\000p\000a\000c\000e\000s}{section.2.3}% 16
\BOOKMARK [2][-]{subsection.2.3.3}{\376\377\000C\000h\000a\000n\000g\000e\000\040\000O\000f\000\040\000B\000a\000s\000i\000s}{section.2.3}% 17
\BOOKMARK [2][-]{subsection.2.3.4}{\376\377\000D\000e\000t\000e\000r\000m\000i\000n\000a\000n\000t\000s}{section.2.3}% 18
\BOOKMARK [1][-]{section.2.4}{\376\377\000R\000i\000n\000g\000s}{chapter.2}% 19
\BOOKMARK [1][-]{section.2.5}{\376\377\000M\000o\000d\000u\000l\000e\000s}{chapter.2}% 20
\BOOKMARK [2][-]{subsection.2.5.1}{\376\377\000B\000a\000s\000i\000s\000\040\000O\000f\000\040\000M\000o\000d\000u\000l\000e\000s}{section.2.5}% 21
\BOOKMARK [1][-]{section.2.6}{\376\377\000A\000l\000g\000e\000b\000r\000a\000s}{chapter.2}% 22
\BOOKMARK [0][-]{chapter.3}{\376\377\000L\000i\000e\000\040\000A\000l\000g\000e\000b\000r\000a\000s}{part.1}% 23
\BOOKMARK [1][-]{section.3.1}{\376\377\000B\000a\000s\000i\000c\000\040\000D\000e\000f\000i\000n\000i\000t\000i\000o\000n\000s}{chapter.3}% 24
\BOOKMARK [1][-]{section.3.2}{\376\377\000T\000h\000e\000\040\000A\000d\000j\000o\000i\000n\000t\000\040\000M\000a\000p\000\040\000\046\000\040\000T\000h\000e\000\040\000K\000i\000l\000l\000i\000n\000g\000\040\000F\000o\000r\000m}{chapter.3}% 25
\BOOKMARK [1][-]{section.3.3}{\376\377\000T\000h\000e\000\040\000F\000u\000n\000d\000a\000m\000e\000n\000t\000a\000l\000\040\000R\000o\000o\000t\000s\000\040\000\046\000\040\000T\000h\000e\000\040\000W\000e\000y\000l\000\040\000G\000r\000o\000u\000p}{chapter.3}% 26
\BOOKMARK [1][-]{section.3.4}{\376\377\000D\000y\000n\000k\000i\000n\000\040\000D\000i\000a\000g\000r\000a\000m\000s\000\040\000\046\000\040\000T\000h\000e\000\040\000C\000a\000r\000t\000a\000n\000\040\000C\000l\000a\000s\000s\000i\000f\000i\000c\000a\000t\000i\000o\000n}{chapter.3}% 27
\BOOKMARK [1][-]{section.3.5}{\376\377\000A\000p\000p\000l\000i\000c\000a\000t\000i\000o\000n\000:\000\040\000R\000e\000c\000o\000n\000s\000t\000r\000u\000c\000t\000i\000o\000n\000\040\000O\000f\000\040\000A\0002\000\040\000F\000r\000o\000m\000\040\000I\000t\000s\000\040\000D\000y\000n\000k\000i\000n\000\040\000D\000i\000a\000g\000r\000a\000m}{chapter.3}% 28
\BOOKMARK [1][-]{section.3.6}{\376\377\000R\000e\000p\000r\000e\000s\000e\000n\000t\000a\000t\000i\000o\000n\000s\000\040\000O\000f\000\040\000L\000i\000e\000\040\000A\000l\000g\000e\000b\000r\000a\000s}{chapter.3}% 29
\BOOKMARK [2][-]{subsection.3.6.1}{\376\377\000T\000h\000e\000\040\000C\000a\000s\000i\000m\000i\000r\000\040\000O\000p\000e\000r\000a\000t\000o\000r}{section.3.6}% 30
\BOOKMARK [1][-]{section.3.7}{\376\377\000A\000p\000p\000l\000i\000c\000a\000t\000i\000o\000n\000:\000\040\000R\000e\000p\000r\000e\000s\000e\000n\000t\000a\000t\000i\000o\000n\000s\000\040\000O\000f\000\040\000s\000o\000\050\0003\000,\000R\000\051}{chapter.3}% 31
\BOOKMARK [0][-]{chapter.4}{\376\377\000T\000o\000p\000o\000l\000o\000g\000y}{part.1}% 32
\BOOKMARK [1][-]{section.4.1}{\376\377\000T\000o\000p\000o\000l\000o\000g\000i\000c\000a\000l\000\040\000S\000p\000a\000c\000e\000s}{chapter.4}% 33
\BOOKMARK [1][-]{section.4.2}{\376\377\000C\000o\000n\000s\000t\000r\000u\000c\000t\000i\000o\000n\000\040\000O\000f\000\040\000N\000e\000w\000\040\000T\000o\000p\000o\000l\000o\000g\000i\000e\000s\000\040\000F\000r\000o\000m\000\040\000G\000i\000v\000e\000n\000\040\000O\000n\000e\000s}{chapter.4}% 34
\BOOKMARK [1][-]{section.4.3}{\376\377\000C\000o\000n\000v\000e\000r\000g\000e\000n\000c\000e\000\040\000\046\000\040\000C\000o\000n\000t\000i\000n\000u\000i\000t\000y}{chapter.4}% 35
\BOOKMARK [1][-]{section.4.4}{\376\377\000I\000n\000v\000a\000r\000i\000a\000n\000t\000\040\000T\000o\000p\000o\000l\000o\000g\000i\000c\000a\000l\000\040\000P\000r\000o\000p\000e\000r\000t\000i\000e\000s}{chapter.4}% 36
\BOOKMARK [2][-]{subsection.4.4.1}{\376\377\000S\000e\000p\000a\000r\000a\000t\000i\000o\000n\000\040\000P\000r\000o\000p\000e\000r\000t\000i\000e\000s}{section.4.4}% 37
\BOOKMARK [2][-]{subsection.4.4.2}{\376\377\000C\000o\000n\000n\000e\000c\000t\000e\000d\000n\000e\000s\000s\000\040\000\046\000\040\000P\000a\000t\000h\000-\000C\000o\000n\000n\000e\000c\000t\000e\000d\000n\000e\000s\000s}{section.4.4}% 38
\BOOKMARK [2][-]{subsection.4.4.3}{\376\377\000H\000o\000m\000o\000t\000o\000p\000i\000c\000\040\000C\000u\000r\000v\000e\000s\000\040\000\046\000\040\000T\000h\000e\000\040\000F\000u\000n\000d\000a\000m\000e\000n\000t\000a\000l\000\040\000G\000r\000o\000u\000p}{section.4.4}% 39
\BOOKMARK [0][-]{chapter.5}{\376\377\000T\000o\000p\000o\000l\000o\000g\000i\000c\000a\000l\000\040\000M\000a\000n\000i\000f\000o\000l\000d\000s}{part.1}% 40
\BOOKMARK [1][-]{section.5.1}{\376\377\000T\000o\000p\000o\000l\000o\000g\000i\000c\000a\000l\000\040\000M\000a\000n\000i\000f\000o\000l\000d\000s}{chapter.5}% 41
\BOOKMARK [1][-]{section.5.2}{\376\377\000C\000h\000a\000r\000t\000s\000\040\000\046\000\040\000A\000t\000l\000a\000s\000e\000s}{chapter.5}% 42
\BOOKMARK [1][-]{section.5.3}{\376\377\000D\000i\000f\000f\000e\000r\000e\000n\000t\000i\000a\000b\000l\000e\000\040\000M\000a\000n\000i\000f\000o\000l\000d\000s}{chapter.5}% 43
\BOOKMARK [2][-]{subsection.5.3.1}{\376\377\000C\000l\000a\000s\000s\000i\000f\000i\000c\000a\000t\000i\000o\000n\000\040\000O\000f\000\040\000D\000i\000f\000f\000e\000r\000e\000n\000t\000i\000a\000b\000l\000e\000\040\000S\000t\000r\000u\000c\000t\000u\000r\000e\000s}{section.5.3}% 44
\BOOKMARK [1][-]{section.5.4}{\376\377\000T\000a\000n\000g\000e\000n\000t\000\040\000S\000p\000a\000c\000e}{chapter.5}% 45
\BOOKMARK [2][-]{subsection.5.4.1}{\376\377\000C\000o\000o\000r\000d\000i\000n\000a\000t\000e\000\040\000I\000n\000d\000u\000c\000e\000d\000\040\000B\000a\000s\000i\000s\000\040\000F\000o\000r\000\040\000T\000h\000e\000\040\000T\000a\000n\000g\000e\000n\000t\000\040\000S\000p\000a\000c\000e}{section.5.4}% 46
\BOOKMARK [2][-]{subsection.5.4.2}{\376\377\000C\000h\000a\000n\000g\000e\000\040\000O\000f\000\040\000V\000e\000c\000t\000o\000r\000\040\000C\000o\000m\000p\000o\000n\000e\000n\000t\000s\000\040\000U\000n\000d\000e\000r\000\040\000A\000\040\000C\000h\000a\000n\000g\000e\000\040\000O\000f\000\040\000C\000h\000a\000r\000t}{section.5.4}% 47
\BOOKMARK [1][-]{section.5.5}{\376\377\000C\000o\000t\000a\000n\000g\000e\000n\000t\000\040\000S\000p\000a\000c\000e}{chapter.5}% 48
\BOOKMARK [2][-]{subsection.5.5.1}{\376\377\000D\000u\000a\000l\000\040\000B\000a\000s\000i\000s\000\040\000F\000o\000r\000\040\000T\000h\000e\000\040\000C\000o\000t\000a\000n\000g\000e\000n\000t\000\040\000S\000p\000a\000c\000e}{section.5.5}% 49
\BOOKMARK [2][-]{subsection.5.5.2}{\376\377\000C\000h\000a\000n\000g\000e\000\040\000O\000f\000\040\000C\000o\000v\000e\000c\000t\000o\000r\000\040\000C\000o\000m\000p\000o\000n\000e\000n\000t\000s\000\040\000U\000n\000d\000e\000r\000\040\000A\000\040\000C\000h\000a\000n\000g\000e\000\040\000O\000f\000\040\000C\000h\000a\000r\000t}{section.5.5}% 50
\BOOKMARK [1][-]{section.5.6}{\376\377\000P\000u\000s\000h\000-\000F\000o\000r\000w\000a\000r\000d\000\040\000\046\000\040\000P\000u\000l\000l\000-\000B\000a\000c\000k}{chapter.5}% 51
\BOOKMARK [2][-]{subsection.5.6.1}{\376\377\000I\000m\000m\000e\000r\000s\000i\000o\000n\000s\000\040\000\046\000\040\000E\000m\000b\000e\000d\000d\000i\000n\000g\000s}{section.5.6}% 52
\BOOKMARK [1][-]{section.5.7}{\376\377\000T\000h\000e\000\040\000T\000a\000n\000g\000e\000n\000t\000\040\000B\000u\000n\000d\000l\000e}{chapter.5}% 53
\BOOKMARK [2][-]{subsection.5.7.1}{\376\377\000T\000o\000p\000o\000l\000o\000g\000i\000c\000a\000l\000\040\000B\000u\000n\000d\000l\000e\000s}{section.5.7}% 54
\BOOKMARK [2][-]{subsection.5.7.2}{\376\377\000T\000a\000n\000g\000e\000n\000t\000\040\000B\000u\000n\000d\000l\000e}{section.5.7}% 55
\BOOKMARK [2][-]{subsection.5.7.3}{\376\377\000V\000e\000c\000t\000o\000r\000,\000\040\000C\000o\000v\000e\000c\000t\000o\000r\000\040\000\046\000\040\000T\000e\000n\000s\000o\000r\000\040\000F\000i\000e\000l\000d\000s}{section.5.7}% 56
\BOOKMARK [1][-]{section.5.8}{\376\377\000D\000i\000f\000f\000e\000r\000e\000n\000t\000i\000a\000l\000\040\000F\000o\000r\000m\000s}{chapter.5}% 57
\BOOKMARK [2][-]{subsection.5.8.1}{\376\377\000T\000h\000e\000\040\000G\000r\000a\000s\000s\000m\000a\000n\000n\000\040\000A\000l\000g\000e\000b\000r\000a}{section.5.8}% 58
\BOOKMARK [2][-]{subsection.5.8.2}{\376\377\000T\000h\000e\000\040\000E\000x\000t\000e\000r\000i\000o\000r\000\040\000D\000e\000r\000i\000v\000a\000t\000i\000v\000e}{section.5.8}% 59
\BOOKMARK [2][-]{subsection.5.8.3}{\376\377\000D\000e\000\040\000R\000h\000a\000m\000\040\000C\000o\000h\000o\000m\000o\000l\000o\000g\000y}{section.5.8}% 60
\BOOKMARK [1][-]{section.5.9}{\376\377\000A\000p\000p\000l\000i\000c\000a\000t\000i\000o\000n\000:\000\040\000`\0003\003\001\0009\000`\0004\0002\000`\000"\003\007\0006\0001\0003\000A\000`\000`\0004\0005\000`\0004\0007\000`\000"\0006\0000\0003\000A\000S\000L\000\050\0002\000,\000C\000\051\000\040\000-\000\040\000P\000a\000r\000t\000\040\0001}{chapter.5}% 61
\BOOKMARK [0][-]{chapter.6}{\376\377\000E\000x\000t\000r\000a\000\040\000S\000t\000r\000u\000c\000t\000u\000r\000e\000s\000\040\000O\000n\000\040\000T\000o\000p\000o\000l\000o\000g\000i\000c\000a\000l\000\040\000M\000a\000n\000i\000f\000o\000l\000d\000s}{part.1}% 62
\BOOKMARK [1][-]{section.6.1}{\376\377\000C\000o\000n\000n\000e\000c\000t\000i\000o\000n\000\040\000/\000\040\000C\000o\000v\000a\000r\000i\000a\000n\000t\000\040\000D\000e\000r\000i\000v\000a\000t\000i\000v\000e}{chapter.6}% 63
\BOOKMARK [2][-]{subsection.6.1.1}{\376\377\000P\000a\000r\000a\000l\000l\000e\000l\000\040\000T\000r\000a\000n\000s\000p\000o\000r\000t}{section.6.1}% 64
\BOOKMARK [2][-]{subsection.6.1.2}{\376\377\000T\000o\000r\000s\000i\000o\000n}{section.6.1}% 65
\BOOKMARK [2][-]{subsection.6.1.3}{\376\377\000C\000u\000r\000v\000a\000t\000u\000r\000e}{section.6.1}% 66
\BOOKMARK [1][-]{section.6.2}{\376\377\000M\000e\000t\000r\000i\000c\000\040\000M\000a\000n\000i\000f\000o\000l\000d\000s}{chapter.6}% 67
\BOOKMARK [2][-]{subsection.6.2.1}{\376\377\000G\000e\000o\000d\000e\000s\000i\000c\000s}{section.6.2}% 68
\BOOKMARK [2][-]{subsection.6.2.2}{\376\377\000R\000i\000c\000c\000i\000\040\000C\000u\000r\000v\000a\000t\000u\000r\000e\000\040\000\046\000\040\000R\000i\000c\000c\000i\000\040\000S\000c\000a\000l\000a\000r}{section.6.2}% 69
\BOOKMARK [0][-]{chapter.7}{\376\377\000L\000i\000e\000\040\000G\000r\000o\000u\000p\000s}{part.1}% 70
\BOOKMARK [1][-]{section.7.1}{\376\377\000L\000i\000e\000\040\000G\000r\000o\000u\000p\000s}{chapter.7}% 71
\BOOKMARK [1][-]{section.7.2}{\376\377\000T\000h\000e\000\040\000L\000e\000f\000t\000\040\000T\000r\000a\000n\000s\000l\000a\000t\000i\000o\000n\000\040\000M\000a\000p}{chapter.7}% 72
\BOOKMARK [1][-]{section.7.3}{\376\377\000T\000h\000e\000\040\000L\000i\000e\000\040\000A\000l\000g\000e\000b\000r\000a\000\040\000O\000f\000\040\000A\000\040\000L\000i\000e\000\040\000G\000r\000o\000u\000p}{chapter.7}% 73
\BOOKMARK [1][-]{section.7.4}{\376\377\000A\000p\000p\000l\000i\000c\000a\000t\000i\000o\000n\000:\000\040\000`\0003\003\001\0009\000`\0004\0002\000`\000"\003\007\0006\0001\0003\000A\000`\000`\0004\0005\000`\0004\0007\000`\000"\0006\0000\0003\000A\000S\000L\000\050\0002\000,\000C\000\051\000\040\000-\000\040\000P\000a\000r\000t\000\040\0002}{chapter.7}% 74
\BOOKMARK [1][-]{section.7.5}{\376\377\000R\000e\000p\000r\000e\000s\000e\000n\000t\000a\000t\000i\000o\000n\000s\000\040\000O\000f\000\040\000L\000i\000e\000\040\000G\000r\000o\000u\000p\000s}{chapter.7}% 75
\BOOKMARK [1][-]{section.7.6}{\376\377\000R\000e\000c\000o\000n\000s\000t\000r\000u\000c\000t\000i\000o\000n\000\040\000O\000f\000\040\000A\000\040\000L\000i\000e\000\040\000g\000r\000o\000u\000p\000\040\000F\000r\000o\000m\000\040\000I\000t\000s\000\040\000L\000i\000e\000\040\000A\000l\000g\000e\000b\000r\000a}{chapter.7}% 76
\BOOKMARK [2][-]{subsection.7.6.1}{\376\377\000T\000h\000e\000\040\000E\000x\000p\000o\000n\000e\000n\000t\000i\000a\000l\000\040\000M\000a\000p}{section.7.6}% 77
\BOOKMARK [1][-]{section.7.7}{\376\377\000L\000i\000e\000\040\000G\000r\000o\000u\000p\000\040\000A\000c\000t\000i\000o\000n\000s\000\040\000O\000n\000\040\000A\000\040\000M\000a\000n\000i\000f\000o\000l\000d}{chapter.7}% 78
\BOOKMARK [0][-]{chapter.8}{\376\377\000P\000r\000i\000n\000c\000i\000p\000a\000l\000\040\000F\000i\000b\000e\000r\000\040\000B\000u\000n\000d\000l\000e\000s}{part.1}% 79
\BOOKMARK [1][-]{section.8.1}{\376\377\000P\000r\000i\000n\000c\000i\000p\000a\000l\000\040\000B\000u\000n\000d\000l\000e\000s}{chapter.8}% 80
\BOOKMARK [2][-]{subsection.8.1.1}{\376\377\000P\000r\000i\000n\000c\000i\000p\000a\000l\000\040\000B\000u\000n\000d\000l\000e\000\040\000M\000a\000p\000s}{section.8.1}% 81
\BOOKMARK [1][-]{section.8.2}{\376\377\000A\000s\000s\000o\000c\000i\000a\000t\000e\000d\000\040\000B\000u\000n\000d\000l\000e\000s}{chapter.8}% 82
\BOOKMARK [2][-]{subsection.8.2.1}{\376\377\000A\000s\000s\000o\000c\000i\000a\000t\000e\000d\000\040\000B\000u\000n\000d\000l\000e\000\040\000M\000a\000p\000s}{section.8.2}% 83
\BOOKMARK [1][-]{section.8.3}{\376\377\000A\000p\000p\000l\000i\000c\000a\000t\000i\000o\000n\000:\000\040\000P\000r\000i\000n\000c\000i\000p\000a\000l\000\040\000F\000r\000a\000m\000e\000\040\000B\000u\000n\000d\000l\000e}{chapter.8}% 84
\BOOKMARK [1][-]{section.8.4}{\376\377\000C\000o\000n\000n\000e\000c\000t\000i\000o\000n\000s\000\040\000O\000n\000\040\000A\000\040\000P\000r\000i\000n\000c\000i\000p\000a\000l\000\040\000B\000u\000n\000d\000l\000e}{chapter.8}% 85
\BOOKMARK [2][-]{subsection.8.4.1}{\376\377\000C\000o\000n\000n\000e\000c\000t\000i\000o\000n\000\040\000O\000n\000e\000-\000F\000o\000r\000m\000s}{section.8.4}% 86
\BOOKMARK [1][-]{section.8.5}{\376\377\000Y\000a\000n\000g\000-\000M\000i\000l\000l\000s\000\040\000F\000i\000e\000l\000d\000s\000\040\000\046\000\040\000L\000o\000c\000a\000l\000\040\000R\000e\000p\000r\000e\000s\000e\000n\000t\000a\000t\000i\000o\000n\000s}{chapter.8}% 87
\BOOKMARK [2][-]{subsection.8.5.1}{\376\377\000T\000h\000e\000\040\000M\000a\000u\000r\000e\000r\000-\000C\000a\000r\000t\000a\000n\000\040\000F\000o\000r\000m}{section.8.5}% 88
\BOOKMARK [2][-]{subsection.8.5.2}{\376\377\000T\000h\000e\000\040\000G\000a\000u\000g\000e\000\040\000M\000a\000p}{section.8.5}% 89
\BOOKMARK [1][-]{section.8.6}{\376\377\000P\000a\000r\000a\000l\000l\000e\000l\000\040\000T\000r\000a\000n\000s\000p\000o\000r\000t}{chapter.8}% 90
\BOOKMARK [2][-]{subsection.8.6.1}{\376\377\000H\000o\000r\000i\000z\000o\000n\000t\000a\000l\000\040\000L\000i\000f\000t\000s\000\040\000T\000o\000\040\000T\000h\000e\000\040\000P\000r\000i\000n\000c\000i\000p\000a\000l\000\040\000B\000u\000n\000d\000l\000e}{section.8.6}% 91
\BOOKMARK [2][-]{subsection.8.6.2}{\376\377\000S\000o\000l\000u\000t\000i\000o\000n\000\040\000O\000f\000\040\000T\000h\000e\000\040\000h\000o\000r\000i\000z\000o\000n\000t\000a\000l\000\040\000L\000i\000f\000t\000\040\000O\000D\000E\000\040\000B\000y\000\040\000A\000\040\000P\000a\000t\000h\000-\000O\000r\000d\000e\000r\000e\000d\000\040\000E\000x\000p\000o\000n\000e\000n\000t\000i\000a\000l}{section.8.6}% 92
\BOOKMARK [2][-]{subsection.8.6.3}{\376\377\000H\000o\000r\000i\000z\000o\000n\000t\000a\000l\000\040\000L\000i\000f\000t\000s\000\040\000T\000o\000\040\000T\000h\000e\000\040\000A\000s\000s\000o\000c\000i\000a\000t\000e\000d\000\040\000B\000u\000n\000d\000l\000e}{section.8.6}% 93
\BOOKMARK [1][-]{section.8.7}{\376\377\000C\000o\000v\000a\000r\000i\000a\000n\000t\000\040\000E\000x\000t\000e\000r\000i\000o\000r\000\040\000D\000e\000r\000i\000v\000a\000t\000i\000v\000e\000\040\000A\000n\000d\000\040\000C\000u\000r\000v\000a\000t\000u\000r\000e}{chapter.8}% 94
\BOOKMARK [2][-]{subsection.8.7.1}{\376\377\000T\000o\000r\000s\000i\000o\000n}{section.8.7}% 95
\BOOKMARK [1][-]{section.8.8}{\376\377\000C\000o\000v\000a\000r\000i\000a\000n\000t\000\040\000D\000e\000r\000i\000v\000a\000t\000i\000v\000e\000s}{chapter.8}% 96
\BOOKMARK [2][-]{subsection.8.8.1}{\376\377\000E\000q\000u\000i\000v\000a\000l\000e\000n\000c\000e\000\040\000O\000f\000\040\000L\000o\000c\000a\000l\000\040\000S\000e\000c\000t\000i\000o\000n\000s\000\040\000A\000n\000d\000\040\000E\000q\000u\000i\000v\000a\000r\000i\000a\000n\000t\000\040\000F\000u\000n\000c\000t\000i\000o\000n\000s}{section.8.8}% 97
\BOOKMARK [2][-]{subsection.8.8.2}{\376\377\000L\000i\000n\000e\000a\000r\000\040\000A\000c\000t\000i\000o\000n\000s\000\040\000O\000n\000\040\000A\000s\000s\000o\000c\000i\000a\000t\000e\000d\000\040\000V\000e\000c\000t\000o\000r\000\040\000F\000i\000b\000e\000r\000\040\000B\000u\000n\000d\000l\000e\000s}{section.8.8}% 98
\BOOKMARK [2][-]{subsection.8.8.3}{\376\377\000C\000o\000n\000s\000t\000r\000u\000c\000t\000i\000o\000n\000\040\000O\000f\000\040\000T\000h\000e\000\040\000C\000o\000v\000a\000r\000i\000a\000n\000t\000\040\000D\000e\000r\000i\000v\000a\000t\000i\000v\000e}{section.8.8}% 99
\BOOKMARK [-1][-]{part.2}{\376\377\000I\000I\000\040\000P\000r\000o\000b\000a\000b\000i\000l\000i\000t\000y\000\040\000T\000h\000e\000o\000r\000y\000\040\000\046\000\040\000S\000t\000a\000t\000i\000s\000t\000i\000c\000s}{}% 100
\BOOKMARK [0][-]{chapter.9}{\376\377\000I\000n\000t\000r\000o\000d\000u\000c\000t\000i\000o\000n}{part.2}% 101
\BOOKMARK [1][-]{section.9.1}{\376\377\000B\000a\000s\000i\000c\000\040\000D\000e\000f\000i\000n\000i\000t\000i\000o\000n\000s\000\040\000\046\000\040\000T\000e\000r\000m\000i\000n\000o\000l\000o\000g\000y}{chapter.9}% 102
\BOOKMARK [0][-]{chapter.10}{\376\377\000A\000x\000i\000o\000m\000a\000t\000i\000c\000\040\000P\000r\000o\000b\000a\000b\000i\000l\000i\000t\000y\000\040\000T\000h\000e\000o\000r\000y}{part.2}% 103
\BOOKMARK [1][-]{section.10.1}{\376\377\000S\000a\000m\000p\000l\000e\000\040\000S\000p\000a\000c\000e}{chapter.10}% 104
\BOOKMARK [1][-]{section.10.2}{\376\377\000M\000e\000a\000s\000u\000r\000e\000\040\000T\000h\000e\000o\000r\000y}{chapter.10}% 105
\BOOKMARK [2][-]{subsection.10.2.1}{\376\377\000B\000a\000s\000i\000c\000\040\000D\000e\000f\000i\000n\000i\000t\000i\000o\000n\000s}{section.10.2}% 106
\BOOKMARK [2][-]{subsection.10.2.2}{\376\377\000B\000o\000r\000e\000l\000\040\000-\000a\000l\000g\000e\000b\000r\000a\000s}{section.10.2}% 107
\BOOKMARK [2][-]{subsection.10.2.3}{\376\377\000L\000e\000b\000e\000s\000g\000u\000e\000\040\000M\000e\000a\000s\000u\000r\000e\000\040\000\050\000O\000n\000\040\000R\000d\000\051}{section.10.2}% 108
\BOOKMARK [2][-]{subsection.10.2.4}{\376\377\000M\000e\000a\000s\000u\000r\000a\000b\000l\000e\000\040\000M\000a\000p\000s}{section.10.2}% 109
\BOOKMARK [2][-]{subsection.10.2.5}{\376\377\000L\000e\000b\000e\000s\000g\000u\000e\000\040\000I\000n\000t\000e\000g\000r\000a\000l}{section.10.2}% 110
\BOOKMARK [1][-]{section.10.3}{\376\377\000A\000x\000i\000o\000m\000a\000t\000i\000c\000\040\000P\000r\000o\000b\000a\000b\000i\000l\000i\000t\000y\000\040\000T\000h\000e\000o\000r\000y}{chapter.10}% 111
\BOOKMARK [1][-]{section.10.4}{\376\377\000C\000o\000n\000d\000i\000t\000i\000o\000n\000a\000l\000\040\000P\000r\000o\000b\000a\000b\000i\000l\000i\000t\000y}{chapter.10}% 112
\BOOKMARK [0][-]{chapter.11}{\376\377\000R\000a\000n\000d\000o\000m\000\040\000V\000a\000r\000i\000a\000b\000l\000e\000s}{part.2}% 113
\BOOKMARK [1][-]{section.11.1}{\376\377\000R\000a\000n\000d\000o\000m\000\040\000V\000a\000r\000i\000a\000b\000l\000e\000s}{chapter.11}% 114
\BOOKMARK [1][-]{section.11.2}{\376\377\000D\000i\000s\000c\000r\000e\000t\000e\000\040\000R\000a\000n\000d\000o\000m\000\040\000V\000a\000r\000i\000a\000b\000l\000e\000s}{chapter.11}% 115
\BOOKMARK [1][-]{section.11.3}{\376\377\000D\000i\000s\000c\000r\000e\000t\000e\000\040\000P\000r\000o\000b\000a\000b\000i\000l\000i\000t\000y\000\040\000D\000i\000s\000t\000r\000i\000b\000u\000t\000i\000o\000n\000s}{chapter.11}% 116
\BOOKMARK [2][-]{subsection.11.3.1}{\376\377\000D\000i\000s\000c\000r\000e\000t\000e\000\040\000U\000n\000i\000f\000o\000r\000m\000\040\000D\000i\000s\000t\000r\000i\000b\000u\000t\000i\000o\000n\000\040\000-\000\040\000U\000n\000i\000f\000\050\000n\000\051}{section.11.3}% 117
\BOOKMARK [2][-]{subsection.11.3.2}{\376\377\000B\000e\000r\000n\000o\000u\000l\000l\000i\000\040\000D\000i\000s\000t\000r\000i\000b\000u\000t\000i\000o\000n\000\040\000-\000\040\000B\000e\000r\000n\000\050\000p\000\051}{section.11.3}% 118
\BOOKMARK [2][-]{subsection.11.3.3}{\376\377\000B\000i\000n\000o\000m\000i\000a\000l\000\040\000D\000i\000s\000t\000r\000i\000b\000u\000t\000i\000o\000n\000\040\000-\000\040\000B\000\050\000n\000,\000p\000\051}{section.11.3}% 119
\BOOKMARK [2][-]{subsection.11.3.4}{\376\377\000P\000o\000i\000s\000s\000o\000n\000\040\000D\000i\000s\000t\000r\000i\000b\000u\000t\000i\000o\000n\000\040\000-\000\040\000P\000o\000i\000s\000\050\000\051}{section.11.3}% 120
\BOOKMARK [2][-]{subsection.11.3.5}{\376\377\000G\000e\000o\000m\000e\000t\000r\000i\000c\000\040\000D\000i\000s\000t\000r\000i\000b\000u\000t\000i\000o\000n\000\040\000-\000\040\000G\000e\000o\000\050\000p\000\051}{section.11.3}% 121
\BOOKMARK [2][-]{subsection.11.3.6}{\376\377\000H\000y\000p\000e\000r\000g\000e\000o\000m\000e\000t\000r\000i\000c\000\040\000D\000i\000s\000t\000r\000i\000b\000u\000t\000i\000o\000n\000\040\000-\000\040\000H\000y\000p\000e\000r\000g\000e\000o\000m\000e\000t\000r\000i\000c\000\050\000N\000,\000\040\000K\000,\000\040\000n\000\051}{section.11.3}% 122
\BOOKMARK [2][-]{subsection.11.3.7}{\376\377\000N\000e\000g\000a\000t\000i\000v\000e\000\040\000B\000i\000n\000o\000m\000i\000a\000l\000\040\000D\000i\000s\000t\000r\000i\000b\000u\000t\000i\000o\000n\000\040\000-\000\040\000N\000B\000\050\000r\000,\000p\000\051}{section.11.3}% 123
\BOOKMARK [1][-]{section.11.4}{\376\377\000C\000o\000n\000t\000i\000n\000u\000o\000u\000s\000\040\000R\000a\000n\000d\000o\000m\000\040\000V\000a\000r\000i\000a\000b\000l\000e\000s}{chapter.11}% 124
\BOOKMARK [1][-]{section.11.5}{\376\377\000C\000o\000n\000t\000i\000n\000u\000o\000u\000s\000\040\000P\000r\000o\000b\000a\000b\000i\000l\000i\000t\000y\000\040\000D\000i\000s\000t\000r\000i\000b\000u\000t\000i\000o\000n\000s}{chapter.11}% 125
\BOOKMARK [2][-]{subsection.11.5.1}{\376\377\000C\000o\000n\000t\000i\000n\000u\000o\000u\000s\000\040\000U\000n\000i\000f\000o\000r\000m\000\040\000D\000i\000s\000t\000r\000i\000b\000u\000t\000i\000o\000n\000\040\000-\000\040\000U\000n\000i\000f\000\050\000a\000,\000b\000\051}{section.11.5}% 126
\BOOKMARK [2][-]{subsection.11.5.2}{\376\377\000N\000o\000r\000m\000a\000l\000\040\000D\000i\000s\000t\000r\000i\000b\000u\000t\000i\000o\000n\000\040\000-\000\040\000N\000\050\000,\000\040\0002\000\051}{section.11.5}% 127
\BOOKMARK [2][-]{subsection.11.5.3}{\376\377\000S\000t\000a\000n\000d\000a\000r\000d\000\040\000N\000o\000r\000m\000a\000l\000\040\000D\000i\000s\000t\000r\000i\000b\000u\000t\000i\000o\000n\000\040\000-\000\040\000N\000\050\0000\000,\0001\000\051}{section.11.5}% 128
\BOOKMARK [2][-]{subsection.11.5.4}{\376\377\000E\000x\000p\000o\000n\000e\000n\000t\000i\000a\000l\000\040\000D\000i\000s\000t\000r\000i\000b\000u\000t\000i\000o\000n\000\040\000-\000\040\000E\000x\000p\000o\000\050\000\051}{section.11.5}% 129
\BOOKMARK [2][-]{subsection.11.5.5}{\376\377\000C\000h\000i\000-\000S\000q\000u\000a\000r\000e\000d\000\040\000D\000i\000s\000t\000r\000i\000b\000u\000t\000i\000o\000n\000\040\000-\000\040\0002\000\050\000k\000\051}{section.11.5}% 130
\BOOKMARK [2][-]{subsection.11.5.6}{\376\377\000S\000t\000u\000d\000e\000n\000t\000'\000s\000\040\000t\000-\000D\000i\000s\000t\000r\000i\000b\000u\000t\000i\000o\000n\000\040\000-\000\040\000t\000\050\000\051}{section.11.5}% 131
\BOOKMARK [2][-]{subsection.11.5.7}{\376\377\000B\000e\000t\000a\000\040\000D\000i\000s\000t\000r\000i\000b\000u\000t\000i\000o\000n\000\040\000-\000\040\000B\000e\000t\000a\000\050\000,\000\040\000\051}{section.11.5}% 132
\BOOKMARK [2][-]{subsection.11.5.8}{\376\377\000G\000a\000m\000m\000a\000\040\000D\000i\000s\000t\000r\000i\000b\000u\000t\000i\000o\000n\000\040\000-\000\040\000G\000a\000m\000m\000a\000\050\000,\000\040\000\051}{section.11.5}% 133
\BOOKMARK [1][-]{section.11.6}{\376\377\000J\000o\000i\000n\000t\000\040\000P\000r\000o\000b\000a\000b\000i\000l\000i\000t\000y\000\040\000D\000i\000s\000t\000r\000i\000b\000u\000t\000i\000o\000n}{chapter.11}% 134
\BOOKMARK [2][-]{subsection.11.6.1}{\376\377\000B\000i\000v\000a\000r\000i\000a\000t\000e\000\040\000J\000o\000i\000n\000t\000\040\000D\000i\000s\000t\000r\000i\000b\000u\000t\000i\000o\000n}{section.11.6}% 135
\BOOKMARK [1][-]{section.11.7}{\376\377\000M\000o\000m\000e\000n\000t\000s}{chapter.11}% 136
\BOOKMARK [0][-]{chapter.12}{\376\377\000S\000t\000a\000t\000i\000s\000t\000i\000c\000a\000l\000\040\000I\000n\000f\000e\000r\000e\000n\000c\000e}{part.2}% 137
\BOOKMARK [1][-]{section.12.1}{\376\377\000P\000o\000p\000u\000l\000a\000t\000i\000o\000n\000\040\000V\000S\000\040\000S\000a\000m\000p\000l\000e}{chapter.12}% 138
\BOOKMARK [2][-]{subsection.12.1.1}{\376\377\000S\000a\000m\000p\000l\000i\000n\000g\000\040\000T\000e\000c\000h\000n\000i\000q\000u\000e\000s}{section.12.1}% 139
\BOOKMARK [1][-]{section.12.2}{\376\377\000C\000e\000n\000t\000r\000a\000l\000\040\000L\000i\000m\000i\000t\000\040\000T\000h\000e\000o\000r\000e\000m\000\040\000\046\000\040\000S\000a\000m\000p\000l\000i\000n\000g\000\040\000D\000i\000s\000t\000r\000i\000b\000u\000t\000i\000o\000n}{chapter.12}% 140
\BOOKMARK [0][-]{chapter.13}{\376\377\000P\000a\000r\000a\000m\000e\000t\000r\000i\000c\000\040\000I\000n\000f\000e\000r\000e\000n\000c\000e}{part.2}% 141
\BOOKMARK [1][-]{section.13.1}{\376\377\000B\000a\000s\000i\000c\000\040\000D\000e\000f\000i\000n\000i\000t\000i\000o\000n\000s}{chapter.13}% 142
\BOOKMARK [1][-]{section.13.2}{\376\377\000M\000a\000x\000i\000m\000u\000m\000\040\000L\000i\000k\000e\000l\000i\000h\000o\000o\000d}{chapter.13}% 143
\BOOKMARK [2][-]{subsection.13.2.1}{\376\377\000A\000p\000p\000l\000i\000c\000a\000t\000i\000o\000n\000:\000\040\000M\000a\000x\000i\000m\000u\000m\000\040\000L\000i\000k\000e\000l\000i\000h\000o\000o\000d\000\040\000I\000n\000\040\000B\000e\000r\000n\000o\000u\000l\000l\000i\000\040\000D\000i\000s\000t\000r\000i\000b\000u\000t\000i\000o\000n}{section.13.2}% 144
\BOOKMARK [-1][-]{part.3}{\376\377\000I\000I\000I\000\040\000M\000a\000c\000h\000i\000n\000e\000\040\000L\000e\000a\000r\000n\000i\000n\000g}{}% 145
\BOOKMARK [0][-]{chapter.14}{\376\377\000I\000n\000t\000r\000o\000d\000u\000c\000t\000i\000o\000n}{part.3}% 146
\BOOKMARK [1][-]{section.14.1}{\376\377\000U\000s\000e\000\040\000C\000a\000s\000e\000s}{chapter.14}% 147
\BOOKMARK [1][-]{section.14.2}{\376\377\000R\000e\000q\000u\000i\000r\000e\000m\000e\000n\000t\000s}{chapter.14}% 148
\BOOKMARK [1][-]{section.14.3}{\376\377\000T\000y\000p\000e\000s}{chapter.14}% 149
\BOOKMARK [2][-]{subsection.14.3.1}{\376\377\000C\000o\000n\000v\000e\000n\000t\000i\000o\000n\000s}{section.14.3}% 150
\BOOKMARK [0][-]{chapter.15}{\376\377\000S\000u\000p\000e\000r\000v\000i\000s\000e\000d\000\040\000L\000e\000a\000r\000n\000i\000n\000g}{part.3}% 151
\BOOKMARK [1][-]{section.15.1}{\376\377\000B\000a\000s\000i\000c\000\040\000D\000e\000f\000i\000n\000i\000t\000i\000o\000n\000s}{chapter.15}% 152
\BOOKMARK [1][-]{section.15.2}{\376\377\000L\000i\000n\000e\000a\000r\000\040\000R\000e\000g\000r\000e\000s\000s\000i\000o\000n}{chapter.15}% 153
\BOOKMARK [1][-]{section.15.3}{\376\377\000O\000p\000t\000i\000m\000i\000z\000a\000t\000i\000o\000n\000\040\000T\000e\000c\000h\000n\000i\000q\000u\000e\000s}{chapter.15}% 154
\BOOKMARK [2][-]{subsection.15.3.1}{\376\377\000N\000o\000r\000m\000a\000l\000\040\000E\000q\000u\000a\000t\000i\000o\000n}{section.15.3}% 155
\BOOKMARK [2][-]{subsection.15.3.2}{\376\377\000G\000r\000a\000d\000i\000e\000n\000t\000\040\000D\000e\000s\000c\000e\000n\000t}{section.15.3}% 156
\BOOKMARK [1][-]{section.15.4}{\376\377\000F\000e\000a\000t\000u\000r\000e\000\040\000E\000n\000g\000i\000n\000e\000e\000r\000i\000n\000g}{chapter.15}% 157
\BOOKMARK [2][-]{subsection.15.4.1}{\376\377\000F\000e\000a\000t\000u\000r\000e\000\040\000S\000e\000l\000e\000c\000t\000i\000o\000n}{section.15.4}% 158
\BOOKMARK [3][-]{subsubsection.15.4.1.1}{\376\377\000M\000i\000s\000s\000i\000n\000g\000\040\000V\000a\000l\000u\000e\000s}{subsection.15.4.1}% 159
\BOOKMARK [2][-]{subsection.15.4.2}{\376\377\000F\000e\000a\000t\000u\000r\000e\000\040\000S\000c\000a\000l\000i\000n\000g}{section.15.4}% 160
\BOOKMARK [2][-]{subsection.15.4.3}{\376\377\000F\000e\000a\000t\000u\000r\000e\000\040\000C\000r\000o\000s\000s\000i\000n\000g}{section.15.4}% 161
\BOOKMARK [2][-]{subsection.15.4.4}{\376\377\000F\000e\000a\000t\000u\000r\000e\000\040\000I\000m\000p\000o\000r\000t\000a\000n\000c\000e\000\040\000\046\000\040\000G\000e\000n\000e\000r\000a\000l\000i\000z\000a\000t\000i\000o\000n}{section.15.4}% 162
\BOOKMARK [1][-]{section.15.5}{\376\377\000L\000o\000g\000i\000s\000t\000i\000c\000\040\000R\000e\000g\000r\000e\000s\000s\000i\000o\000n}{chapter.15}% 163
\BOOKMARK [2][-]{subsection.15.5.1}{\376\377\000N\000o\000r\000m\000a\000l\000\040\000E\000q\000u\000a\000t\000i\000o\000n}{section.15.5}% 164
\BOOKMARK [2][-]{subsection.15.5.2}{\376\377\000G\000r\000a\000d\000i\000e\000n\000t\000\040\000D\000e\000s\000c\000e\000n\000t}{section.15.5}% 165
\BOOKMARK [2][-]{subsection.15.5.3}{\376\377\000M\000u\000l\000t\000i\000n\000o\000m\000i\000a\000l\000\040\000C\000l\000a\000s\000s\000i\000f\000i\000c\000a\000t\000i\000o\000n}{section.15.5}% 166
\BOOKMARK [1][-]{section.15.6}{\376\377\000G\000e\000n\000e\000r\000a\000l\000i\000z\000e\000d\000\040\000L\000i\000n\000e\000a\000r\000\040\000M\000o\000d\000e\000l}{chapter.15}% 167
\BOOKMARK [1][-]{section.15.7}{\376\377\000E\000r\000r\000o\000r\000s}{chapter.15}% 168
\BOOKMARK [2][-]{subsection.15.7.1}{\376\377\000P\000o\000i\000n\000t\000-\000W\000i\000s\000e\000,\000\040\000O\000v\000e\000r\000a\000l\000l\000,\000\040\000I\000n\000-\000S\000a\000m\000p\000l\000e\000\040\000\046\000\040\000O\000u\000t\000-\000O\000f\000-\000S\000a\000m\000p\000l\000e\000\040\000E\000r\000r\000o\000r}{section.15.7}% 169
\BOOKMARK [2][-]{subsection.15.7.2}{\376\377\000B\000i\000a\000s\000\040\000\046\000\040\000V\000a\000r\000i\000a\000n\000c\000e}{section.15.7}% 170
\BOOKMARK [1][-]{section.15.8}{\376\377\000E\000v\000a\000l\000u\000a\000t\000i\000o\000n}{chapter.15}% 171
\BOOKMARK [1][-]{section.15.9}{\376\377\000R\000e\000g\000u\000l\000a\000r\000i\000z\000a\000t\000i\000o\000n}{chapter.15}% 172
\BOOKMARK [2][-]{subsection.15.9.1}{\376\377\000R\000i\000d\000g\000e\000\040\000R\000e\000g\000r\000e\000s\000s\000i\000o\000n\000\040\000/\000\040\000T\000i\000k\000h\000o\000n\000o\000v\000\040\000R\000e\000g\000u\000l\000a\000r\000i\000z\000a\000t\000i\000o\000n\000\040\000\050\000L\0002\000\040\000R\000e\000g\000u\000l\000a\000r\000i\000z\000a\000t\000i\000o\000n\000\051}{section.15.9}% 173
\BOOKMARK [2][-]{subsection.15.9.2}{\376\377\000L\000a\000s\000s\000o\000\040\000R\000e\000g\000r\000e\000s\000s\000i\000o\000n\000\040\000\050\000L\0001\000\040\000R\000e\000g\000u\000l\000a\000r\000i\000z\000a\000t\000i\000o\000n\000\051}{section.15.9}% 174
\BOOKMARK [2][-]{subsection.15.9.3}{\376\377\000E\000l\000a\000s\000t\000i\000c\000\040\000N\000e\000t}{section.15.9}% 175
\BOOKMARK [2][-]{subsection.15.9.4}{\376\377\000E\000a\000r\000l\000y\000\040\000S\000t\000o\000p\000p\000i\000n\000g}{section.15.9}% 176
\BOOKMARK [1][-]{section.15.10}{\376\377\000C\000l\000a\000s\000s\000i\000f\000i\000c\000a\000t\000i\000o\000n\000\040\000E\000r\000r\000o\000r\000\040\000M\000e\000t\000r\000i\000c\000s}{chapter.15}% 177
\BOOKMARK [2][-]{subsection.15.10.1}{\376\377\000A\000c\000c\000u\000r\000a\000c\000y\000\040\000\046\000\040\000P\000r\000e\000c\000i\000s\000i\000o\000n\000/\000R\000e\000c\000a\000l\000l\000\040\000T\000r\000a\000d\000e\000-\000O\000f\000f}{section.15.10}% 178
\BOOKMARK [2][-]{subsection.15.10.2}{\376\377\000R\000e\000c\000e\000i\000v\000e\000r\000\040\000O\000p\000e\000r\000a\000t\000i\000n\000g\000\040\000C\000h\000a\000r\000a\000c\000t\000e\000r\000i\000s\000t\000i\000c\000\040\000\050\000R\000O\000C\000\051\000\040\000C\000u\000r\000v\000e}{section.15.10}% 179
\BOOKMARK [2][-]{subsection.15.10.3}{\376\377\000B\000a\000s\000e\000l\000i\000n\000e\000s}{section.15.10}% 180
\BOOKMARK [1][-]{section.15.11}{\376\377\000S\000u\000p\000p\000o\000r\000t\000\040\000V\000e\000c\000t\000o\000r\000\040\000M\000a\000c\000h\000i\000n\000e}{chapter.15}% 181
\BOOKMARK [1][-]{section.15.12}{\376\377\000k\000-\000N\000e\000a\000r\000e\000s\000t\000\040\000N\000e\000i\000g\000h\000b\000o\000r\000s}{chapter.15}% 182
\BOOKMARK [1][-]{section.15.13}{\376\377\000D\000e\000c\000i\000s\000i\000o\000n\000\040\000T\000r\000e\000e\000s\000\040\000\046\000\040\000R\000a\000n\000d\000o\000m\000\040\000F\000o\000r\000e\000s\000t\000s}{chapter.15}% 183
\BOOKMARK [2][-]{subsection.15.13.1}{\376\377\000D\000e\000c\000i\000s\000i\000o\000n\000\040\000T\000r\000e\000e\000s}{section.15.13}% 184
\BOOKMARK [2][-]{subsection.15.13.2}{\376\377\000E\000n\000s\000e\000m\000b\000l\000e\000\040\000L\000e\000a\000r\000n\000i\000n\000g}{section.15.13}% 185
\BOOKMARK [2][-]{subsection.15.13.3}{\376\377\000R\000a\000n\000d\000o\000m\000\040\000F\000o\000r\000e\000s\000t\000s}{section.15.13}% 186
\BOOKMARK [0][-]{chapter.16}{\376\377\000U\000n\000s\000u\000p\000e\000r\000v\000i\000s\000e\000d\000\040\000L\000e\000a\000r\000n\000i\000n\000g}{part.3}% 187
\BOOKMARK [1][-]{section.16.1}{\376\377\000B\000a\000s\000i\000c\000\040\000D\000e\000f\000i\000n\000i\000t\000i\000o\000n\000s}{chapter.16}% 188
\BOOKMARK [1][-]{section.16.2}{\376\377\000C\000l\000u\000s\000t\000e\000r\000i\000n\000g}{chapter.16}% 189
\BOOKMARK [2][-]{subsection.16.2.1}{\376\377\000k\000-\000M\000e\000a\000n\000s}{section.16.2}% 190
\BOOKMARK [2][-]{subsection.16.2.2}{\376\377\000D\000B\000S\000C\000A\000N}{section.16.2}% 191
\BOOKMARK [1][-]{section.16.3}{\376\377\000D\000i\000m\000e\000n\000s\000i\000o\000n\000a\000l\000i\000t\000y\000\040\000R\000e\000d\000u\000c\000t\000i\000o\000n}{chapter.16}% 192
\BOOKMARK [2][-]{subsection.16.3.1}{\376\377\000P\000r\000i\000n\000c\000i\000p\000a\000l\000\040\000C\000o\000m\000p\000o\000n\000e\000n\000t\000\040\000A\000n\000a\000l\000y\000s\000i\000s}{section.16.3}% 193
\BOOKMARK [0][-]{chapter.17}{\376\377\000R\000e\000i\000n\000f\000o\000r\000c\000e\000m\000e\000n\000t\000\040\000L\000e\000a\000r\000n\000i\000n\000g}{part.3}% 194
\BOOKMARK [1][-]{section.17.1}{\376\377\000B\000a\000s\000i\000c\000\040\000D\000e\000f\000i\000n\000i\000t\000i\000o\000n\000s}{chapter.17}% 195
\BOOKMARK [1][-]{section.17.2}{\376\377\000M\000a\000r\000k\000o\000v\000\040\000D\000e\000c\000i\000s\000i\000o\000n\000\040\000P\000r\000o\000c\000e\000s\000s}{chapter.17}% 196
\BOOKMARK [2][-]{subsection.17.2.1}{\376\377\000M\000a\000r\000k\000o\000v\000\040\000P\000r\000o\000c\000e\000s\000s}{section.17.2}% 197
\BOOKMARK [2][-]{subsection.17.2.2}{\376\377\000M\000a\000r\000k\000o\000v\000\040\000R\000e\000w\000a\000r\000d\000\040\000P\000r\000o\000c\000e\000s\000s}{section.17.2}% 198
\BOOKMARK [2][-]{subsection.17.2.3}{\376\377\000M\000a\000r\000k\000o\000v\000\040\000D\000e\000c\000i\000s\000i\000o\000n\000\040\000P\000r\000o\000c\000e\000s\000s}{section.17.2}% 199
\BOOKMARK [1][-]{section.17.3}{\376\377\000O\000p\000t\000i\000m\000a\000l\000\040\000P\000o\000l\000i\000c\000i\000e\000s}{chapter.17}% 200
\BOOKMARK [1][-]{section.17.4}{\376\377\000S\000o\000l\000v\000i\000n\000g\000\040\000M\000a\000r\000k\000o\000v\000\040\000D\000e\000c\000i\000s\000i\000o\000n\000\040\000P\000r\000o\000c\000e\000s\000s\000e\000s}{chapter.17}% 201
\BOOKMARK [2][-]{subsection.17.4.1}{\376\377\000M\000o\000d\000e\000l\000-\000B\000a\000s\000e\000d\000\040\000P\000r\000e\000d\000i\000c\000t\000i\000o\000n}{section.17.4}% 202
\BOOKMARK [3][-]{subsubsection.17.4.1.1}{\376\377\000P\000o\000l\000i\000c\000y\000\040\000E\000v\000a\000l\000u\000a\000t\000i\000o\000n}{subsection.17.4.1}% 203
\BOOKMARK [2][-]{subsection.17.4.2}{\376\377\000M\000o\000d\000e\000l\000-\000B\000a\000s\000e\000d\000\040\000C\000o\000n\000t\000r\000o\000l}{section.17.4}% 204
\BOOKMARK [3][-]{subsubsection.17.4.2.1}{\376\377\000P\000o\000l\000i\000c\000y\000\040\000I\000t\000e\000r\000a\000t\000i\000o\000n}{subsection.17.4.2}% 205
\BOOKMARK [3][-]{subsubsection.17.4.2.2}{\376\377\000V\000a\000l\000u\000e\000\040\000I\000t\000e\000r\000a\000t\000i\000o\000n}{subsection.17.4.2}% 206
\BOOKMARK [2][-]{subsection.17.4.3}{\376\377\000M\000o\000d\000e\000l\000-\000F\000r\000e\000e\000\040\000P\000r\000e\000d\000i\000c\000t\000i\000o\000n}{section.17.4}% 207
\BOOKMARK [3][-]{subsubsection.17.4.3.1}{\376\377\000M\000o\000n\000t\000e\000\040\000C\000a\000r\000l\000o}{subsection.17.4.3}% 208
\BOOKMARK [3][-]{subsubsection.17.4.3.2}{\376\377\000T\000e\000m\000p\000o\000r\000a\000l\000\040\000D\000i\000f\000f\000e\000r\000e\000n\000c\000e}{subsection.17.4.3}% 209
\BOOKMARK [3][-]{subsubsection.17.4.3.3}{\376\377\000T\000D\000\050\000\051}{subsection.17.4.3}% 210
\BOOKMARK [0][-]{chapter.18}{\376\377\000D\000e\000e\000p\000\040\000L\000e\000a\000r\000n\000i\000n\000g}{part.3}% 211
\BOOKMARK [1][-]{section.18.1}{\376\377\000B\000a\000s\000i\000c\000\040\000D\000e\000f\000i\000n\000i\000t\000i\000o\000n\000s}{chapter.18}% 212
\BOOKMARK [1][-]{section.18.2}{\376\377\000M\000c\000C\000u\000l\000l\000o\000c\000h\000\040\000P\000i\000t\000t\000s\000\040\000N\000e\000u\000r\000o\000n}{chapter.18}% 213
\BOOKMARK [1][-]{section.18.3}{\376\377\000P\000e\000r\000c\000e\000p\000t\000r\000o\000n}{chapter.18}% 214
\BOOKMARK [1][-]{section.18.4}{\376\377\000S\000i\000g\000m\000o\000i\000d\000\040\000N\000e\000u\000r\000o\000n}{chapter.18}% 215
\BOOKMARK [1][-]{section.18.5}{\376\377\000F\000e\000e\000d\000f\000o\000r\000w\000a\000r\000d\000\040\000N\000e\000u\000r\000a\000l\000\040\000N\000e\000t\000w\000o\000r\000k\000s}{chapter.18}% 216
\BOOKMARK [2][-]{subsection.18.5.1}{\376\377\000M\000o\000t\000i\000v\000a\000t\000i\000o\000n\000:\000\040\000X\000O\000R\000\040\000F\000u\000n\000c\000t\000i\000o\000n\000\040\000W\000i\000t\000h\000\040\000A\000\040\000N\000e\000t\000w\000o\000r\000k\000\040\000O\000f\000\040\000P\000e\000r\000c\000e\000p\000t\000o\000n\000s}{section.18.5}% 217
\BOOKMARK [2][-]{subsection.18.5.2}{\376\377\000F\000e\000e\000d\000f\000o\000r\000w\000a\000r\000d\000\040\000N\000e\000u\000r\000a\000l\000\040\000N\000e\000t\000w\000o\000r\000k\000\040\000\050\000F\000o\000r\000w\000a\000r\000d\000\040\000P\000r\000o\000p\000a\000g\000a\000t\000i\000o\000n\000\051}{section.18.5}% 218
\BOOKMARK [2][-]{subsection.18.5.3}{\376\377\000B\000a\000c\000k\000w\000a\000r\000d\000\040\000P\000r\000o\000p\000a\000g\000a\000t\000i\000o\000n}{section.18.5}% 219
\BOOKMARK [2][-]{subsection.18.5.4}{\376\377\000G\000e\000n\000e\000r\000a\000l\000i\000z\000e\000\040\000T\000o\000\040\000F\000u\000l\000l\000\040\000D\000a\000t\000a\000s\000e\000t}{section.18.5}% 220
\BOOKMARK [1][-]{section.18.6}{\376\377\000M\000o\000d\000i\000f\000i\000e\000d\000\040\000G\000r\000a\000d\000i\000e\000n\000t\000\040\000D\000e\000s\000c\000e\000n\000t\000\040\000A\000l\000g\000o\000r\000i\000t\000h\000m\000s}{chapter.18}% 221
\BOOKMARK [2][-]{subsection.18.6.1}{\376\377\000M\000i\000n\000i\000-\000B\000a\000t\000c\000h\000\040\000\046\000\040\000S\000t\000o\000c\000h\000a\000s\000t\000i\000c\000\040\000G\000r\000a\000d\000i\000e\000n\000t\000\040\000D\000e\000s\000c\000e\000n\000t}{section.18.6}% 222
\BOOKMARK [2][-]{subsection.18.6.2}{\376\377\000G\000r\000a\000d\000i\000e\000n\000t\000\040\000D\000e\000s\000c\000e\000n\000t\000\040\000W\000i\000t\000h\000\040\000M\000o\000m\000e\000n\000t\000u\000m}{section.18.6}% 223
\BOOKMARK [2][-]{subsection.18.6.3}{\376\377\000N\000e\000s\000t\000e\000r\000o\000v\000\040\000A\000c\000c\000e\000l\000e\000r\000a\000t\000e\000d\000\040\000G\000r\000a\000d\000i\000e\000n\000t\000\040\000D\000e\000s\000c\000e\000n\000t}{section.18.6}% 224
\BOOKMARK [2][-]{subsection.18.6.4}{\376\377\000A\000d\000a\000p\000t\000i\000v\000e\000\040\000G\000r\000a\000d\000i\000e\000n\000t\000\040\000D\000e\000s\000c\000e\000n\000t\000\040\000\050\000A\000d\000a\000G\000r\000a\000d\000\051}{section.18.6}% 225
\BOOKMARK [2][-]{subsection.18.6.5}{\376\377\000R\000o\000o\000t\000\040\000M\000e\000a\000n\000\040\000S\000q\000u\000a\000r\000e\000\040\000P\000r\000o\000p\000a\000g\000a\000t\000i\000o\000n\000\040\000\050\000R\000M\000S\000P\000r\000o\000p\000\051}{section.18.6}% 226
\BOOKMARK [2][-]{subsection.18.6.6}{\376\377\000A\000d\000a\000p\000t\000i\000v\000e\000\040\000M\000o\000m\000e\000n\000t\000\040\000E\000s\000t\000i\000m\000a\000t\000i\000o\000n\000\040\000\050\000A\000d\000a\000m\000\051}{section.18.6}% 227
\BOOKMARK [2][-]{subsection.18.6.7}{\376\377\000L\000e\000a\000r\000n\000i\000n\000g\000\040\000R\000a\000t\000e\000\040\000D\000e\000c\000a\000y}{section.18.6}% 228
\BOOKMARK [1][-]{section.18.7}{\376\377\000E\000r\000r\000o\000r\000s\000,\000\040\000E\000v\000a\000l\000u\000a\000t\000i\000o\000n\000\040\000\046\000\040\000R\000e\000g\000u\000l\000a\000r\000i\000z\000a\000t\000i\000o\000n}{chapter.18}% 229
\BOOKMARK [2][-]{subsection.18.7.1}{\376\377\000L\0002\000\040\000R\000e\000g\000u\000l\000a\000r\000i\000z\000a\000t\000i\000o\000n}{section.18.7}% 230
\BOOKMARK [2][-]{subsection.18.7.2}{\376\377\000D\000a\000t\000a\000s\000e\000t\000\040\000A\000u\000g\000m\000e\000n\000t\000a\000t\000i\000o\000n}{section.18.7}% 231
\BOOKMARK [2][-]{subsection.18.7.3}{\376\377\000A\000d\000d\000i\000n\000g\000\040\000N\000o\000i\000s\000e\000\040\000T\000o\000\040\000T\000h\000e\000\040\000I\000n\000p\000u\000t\000s\000/\000O\000u\000t\000p\000u\000t\000s}{section.18.7}% 232
\BOOKMARK [2][-]{subsection.18.7.4}{\376\377\000E\000a\000r\000l\000y\000\040\000S\000t\000o\000p\000p\000i\000n\000g}{section.18.7}% 233
\BOOKMARK [2][-]{subsection.18.7.5}{\376\377\000E\000n\000s\000e\000m\000b\000l\000e\000\040\000M\000e\000t\000h\000o\000d\000s}{section.18.7}% 234
\BOOKMARK [2][-]{subsection.18.7.6}{\376\377\000D\000r\000o\000p\000o\000u\000t}{section.18.7}% 235
\BOOKMARK [1][-]{section.18.8}{\376\377\000I\000m\000p\000r\000o\000v\000e\000m\000e\000n\000t\000s\000\040\000O\000n\000\040\000A\000\040\000F\000e\000e\000d\000f\000o\000r\000w\000a\000r\000d\000\040\000N\000e\000u\000r\000a\000l\000\040\000N\000e\000t\000w\000o\000r\000k}{chapter.18}% 236
\BOOKMARK [2][-]{subsection.18.8.1}{\376\377\000A\000c\000t\000i\000v\000a\000t\000i\000o\000n\000\040\000F\000u\000n\000c\000t\000i\000o\000n\000s}{section.18.8}% 237
\BOOKMARK [2][-]{subsection.18.8.2}{\376\377\000I\000n\000i\000t\000i\000a\000l\000i\000z\000a\000t\000i\000o\000n\000\040\000S\000t\000r\000a\000t\000e\000g\000i\000e\000s}{section.18.8}% 238
\BOOKMARK [2][-]{subsection.18.8.3}{\376\377\000B\000a\000t\000c\000h\000\040\000N\000o\000r\000m\000a\000l\000i\000z\000a\000t\000i\000o\000n}{section.18.8}% 239
\BOOKMARK [0][-]{chapter.19}{\376\377\000C\000o\000n\000v\000o\000l\000u\000t\000i\000o\000n\000a\000l\000\040\000N\000e\000u\000r\000a\000l\000\040\000N\000e\000t\000w\000o\000r\000k\000s}{part.3}% 240
\BOOKMARK [1][-]{section.19.1}{\376\377\000I\000n\000p\000u\000t\000\040\000L\000a\000y\000e\000r}{chapter.19}% 241
\BOOKMARK [1][-]{section.19.2}{\376\377\000C\000o\000n\000v\000o\000l\000u\000t\000i\000o\000n\000a\000l\000\040\000L\000a\000y\000e\000r}{chapter.19}% 242
\BOOKMARK [1][-]{section.19.3}{\376\377\000P\000o\000o\000l\000i\000n\000g\000\040\000L\000a\000y\000e\000r}{chapter.19}% 243
\BOOKMARK [1][-]{section.19.4}{\376\377\000F\000l\000a\000t\000t\000e\000n\000\040\000L\000a\000y\000e\000r}{chapter.19}% 244
\BOOKMARK [1][-]{section.19.5}{\376\377\000F\000e\000e\000d\000f\000o\000r\000w\000a\000r\000d\000\040\000N\000e\000u\000r\000a\000l\000\040\000N\000e\000t\000w\000o\000r\000k}{chapter.19}% 245
\BOOKMARK [1][-]{section.19.6}{\376\377\000C\000o\000n\000v\000o\000l\000u\000t\000i\000o\000n\000a\000l\000\040\000N\000e\000u\000r\000a\000l\000\040\000N\000e\000t\000w\000o\000r\000k\000\040\000A\000r\000c\000h\000i\000t\000e\000c\000t\000u\000r\000e\000s}{chapter.19}% 246
\BOOKMARK [0][-]{chapter.20}{\376\377\000R\000e\000c\000u\000r\000r\000e\000n\000t\000\040\000N\000e\000u\000r\000a\000l\000\040\000N\000e\000t\000w\000o\000r\000k\000s}{part.3}% 247
\BOOKMARK [1][-]{section.20.1}{\376\377\000B\000u\000i\000l\000d\000i\000n\000g\000\040\000A\000\040\000R\000e\000c\000u\000r\000r\000e\000n\000t\000\040\000N\000e\000u\000r\000a\000l\000\040\000N\000e\000t\000w\000o\000r\000k}{chapter.20}% 248
\BOOKMARK [1][-]{section.20.2}{\376\377\000B\000a\000c\000k\000p\000r\000o\000p\000a\000g\000a\000t\000i\000o\000n\000\040\000T\000h\000r\000o\000u\000g\000h\000\040\000T\000i\000m\000e}{chapter.20}% 249
\BOOKMARK [2][-]{subsection.20.2.1}{\376\377\000P\000r\000o\000b\000l\000e\000m\000s\000\040\000O\000f\000\040\000B\000a\000c\000k\000p\000r\000o\000p\000a\000g\000a\000t\000i\000o\000n\000\040\000T\000h\000r\000o\000u\000g\000h\000\040\000T\000i\000m\000e}{section.20.2}% 250
\BOOKMARK [1][-]{section.20.3}{\376\377\000L\000o\000n\000g\000\040\000S\000h\000o\000r\000t\000\040\000T\000e\000r\000m\000\040\000M\000e\000m\000o\000r\000y}{chapter.20}% 251
\BOOKMARK [1][-]{section.20.4}{\376\377\000G\000a\000t\000e\000d\000\040\000R\000e\000c\000u\000r\000r\000e\000n\000t\000\040\000U\000n\000i\000t}{chapter.20}% 252
\BOOKMARK [1][-]{section.20.5}{\376\377\000E\000n\000c\000o\000d\000e\000r\000-\000D\000e\000c\000o\000d\000e\000r\000\040\000M\000o\000d\000e\000l}{chapter.20}% 253
\BOOKMARK [2][-]{subsection.20.5.1}{\376\377\000A\000t\000t\000e\000n\000t\000i\000o\000n}{section.20.5}% 254
\BOOKMARK [0][-]{chapter.21}{\376\377\000T\000r\000a\000n\000s\000f\000o\000r\000m\000e\000r\000s}{part.3}% 255
\BOOKMARK [1][-]{section.21.1}{\376\377\000I\000n\000p\000u\000t\000\040\000E\000m\000b\000e\000d\000d\000i\000n\000g}{chapter.21}% 256
\BOOKMARK [2][-]{subsection.21.1.1}{\376\377\000O\000n\000e\000-\000H\000o\000t\000\040\000R\000e\000p\000r\000e\000s\000e\000n\000t\000a\000t\000i\000o\000n}{section.21.1}% 257
\BOOKMARK [2][-]{subsection.21.1.2}{\376\377\000D\000i\000s\000t\000r\000i\000b\000u\000t\000e\000d\000\040\000R\000e\000p\000r\000e\000s\000e\000n\000t\000a\000t\000i\000o\000n}{section.21.1}% 258
\BOOKMARK [2][-]{subsection.21.1.3}{\376\377\000W\000o\000r\000d\0002\000v\000e\000c}{section.21.1}% 259
\BOOKMARK [3][-]{subsubsection.21.1.3.1}{\376\377\000C\000o\000n\000t\000i\000n\000u\000o\000u\000s\000\040\000B\000a\000g\000-\000O\000f\000-\000W\000o\000r\000d\000s}{subsection.21.1.3}% 260
\BOOKMARK [3][-]{subsubsection.21.1.3.2}{\376\377\000C\000o\000n\000t\000i\000n\000u\000o\000u\000s\000\040\000S\000k\000i\000p\000-\000G\000r\000a\000m}{subsection.21.1.3}% 261
\BOOKMARK [1][-]{section.21.2}{\376\377\000P\000o\000s\000i\000t\000i\000o\000n\000a\000l\000\040\000E\000n\000c\000o\000d\000i\000n\000g}{chapter.21}% 262
\BOOKMARK [1][-]{section.21.3}{\376\377\000A\000t\000t\000e\000n\000t\000i\000o\000n}{chapter.21}% 263
\BOOKMARK [0][-]{chapter.22}{\376\377\000M\000a\000c\000h\000i\000n\000e\000\040\000L\000e\000a\000r\000n\000i\000n\000g\000\040\000O\000p\000e\000r\000a\000t\000i\000o\000n\000s}{part.3}% 264
\BOOKMARK [1][-]{section.22.1}{\376\377\000R\000e\000s\000e\000a\000r\000c\000h\000\040\000V\000S\000\040\000P\000r\000o\000d\000u\000c\000t\000i\000o\000n}{chapter.22}% 265
\BOOKMARK [1][-]{section.22.2}{\376\377\000M\000a\000c\000h\000i\000n\000e\000\040\000L\000e\000a\000r\000n\000i\000n\000g\000\040\000O\000p\000e\000r\000a\000t\000i\000o\000n\000s\000\040\000\050\000M\000L\000O\000p\000s\000\051}{chapter.22}% 266
\BOOKMARK [1][-]{section.22.3}{\376\377\000D\000e\000v\000e\000l\000o\000p\000m\000e\000n\000t\000\040\000P\000r\000o\000c\000e\000s\000s}{chapter.22}% 267
\BOOKMARK [2][-]{subsection.22.3.1}{\376\377\000S\000c\000o\000p\000i\000n\000g}{section.22.3}% 268
\BOOKMARK [2][-]{subsection.22.3.2}{\376\377\000D\000a\000t\000a}{section.22.3}% 269
\BOOKMARK [3][-]{subsubsection.22.3.2.1}{\376\377\000D\000a\000t\000a\000\040\000S\000o\000u\000r\000c\000e\000s}{subsection.22.3.2}% 270
\BOOKMARK [3][-]{subsubsection.22.3.2.2}{\376\377\000D\000a\000t\000a\000\040\000F\000o\000r\000m\000a\000t\000s}{subsection.22.3.2}% 271
\BOOKMARK [3][-]{subsubsection.22.3.2.3}{\376\377\000D\000a\000t\000a\000\040\000M\000o\000d\000e\000l\000s}{subsection.22.3.2}% 272
\BOOKMARK [3][-]{subsubsection.22.3.2.4}{\376\377\000E\000x\000t\000r\000a\000c\000t\000,\000\040\000T\000r\000a\000n\000s\000f\000o\000r\000m\000,\000\040\000L\000o\000a\000d\000\040\000\050\000E\000T\000L\000\051}{subsection.22.3.2}% 273
\BOOKMARK [2][-]{subsection.22.3.3}{\376\377\000M\000o\000d\000e\000l\000i\000n\000g}{section.22.3}% 274
\BOOKMARK [3][-]{subsubsection.22.3.3.1}{\376\377\000E\000x\000p\000e\000r\000i\000m\000e\000n\000t\000\040\000T\000r\000a\000c\000k\000i\000n\000g\000\040\000\046\000\040\000V\000e\000r\000s\000i\000o\000n\000i\000n\000g}{subsection.22.3.3}% 275
\BOOKMARK [2][-]{subsection.22.3.4}{\376\377\000D\000e\000p\000l\000o\000y\000m\000e\000n\000t}{section.22.3}% 276
\BOOKMARK [3][-]{subsubsection.22.3.4.1}{\376\377\000R\000e\000s\000e\000a\000r\000c\000h\000\040\000V\000S\000\040\000P\000r\000o\000d\000u\000c\000t\000i\000o\000n\000\040\000E\000n\000v\000i\000r\000o\000n\000m\000e\000n\000t}{subsection.22.3.4}% 277
\BOOKMARK [3][-]{subsubsection.22.3.4.2}{\376\377\000M\000a\000c\000h\000i\000n\000e\000\040\000L\000e\000a\000r\000n\000i\000n\000g\000\040\000P\000i\000p\000e\000l\000i\000n\000e\000s}{subsection.22.3.4}% 278
\BOOKMARK [3][-]{subsubsection.22.3.4.3}{\376\377\000O\000n\000l\000i\000n\000e\000\040\000V\000S\000\040\000B\000a\000t\000c\000h}{subsection.22.3.4}% 279
\BOOKMARK [3][-]{subsubsection.22.3.4.4}{\376\377\000C\000l\000o\000u\000d\000\040\000V\000S\000\040\000E\000d\000g\000e}{subsection.22.3.4}% 280
\BOOKMARK [2][-]{subsection.22.3.5}{\376\377\000M\000o\000n\000i\000t\000o\000r\000i\000n\000g\000\040\000\046\000\040\000M\000a\000i\000n\000t\000e\000n\000a\000n\000c\000e}{section.22.3}% 281
\BOOKMARK [3][-]{subsubsection.22.3.5.1}{\376\377\000F\000a\000i\000l\000u\000r\000e\000s\000\040\000\046\000\040\000M\000o\000d\000e\000l\000\040\000D\000e\000c\000a\000y}{subsection.22.3.5}% 282
\BOOKMARK [3][-]{subsubsection.22.3.5.2}{\376\377\000M\000o\000n\000i\000t\000o\000r\000i\000n\000g}{subsection.22.3.5}% 283
\BOOKMARK [3][-]{subsubsection.22.3.5.3}{\376\377\000I\000t\000e\000r\000a\000t\000i\000o\000n}{subsection.22.3.5}% 284
\BOOKMARK [1][-]{section.22.4}{\376\377\000D\000i\000s\000t\000r\000i\000b\000u\000t\000e\000d\000\040\000S\000y\000s\000t\000e\000m\000s}{chapter.22}% 285
\BOOKMARK [2][-]{subsection.22.4.1}{\376\377\000R\000a\000y}{section.22.4}% 286
\BOOKMARK [3][-]{subsubsection.22.4.1.1}{\376\377\000R\000a\000y\000\040\000C\000o\000r\000e}{subsection.22.4.1}% 287
\BOOKMARK [3][-]{subsubsection.22.4.1.2}{\376\377\000R\000a\000y\000\040\000L\000i\000b\000r\000a\000r\000i\000e\000s\000\040\000\046\000\040\000R\000a\000y\000\040\000A\000I\000R}{subsection.22.4.1}% 288
\BOOKMARK [3][-]{subsubsection.22.4.1.3}{\376\377\000R\000a\000y\000\040\000E\000c\000o\000s\000y\000s\000t\000e\000m}{subsection.22.4.1}% 289
\BOOKMARK [-1][-]{part.4}{\376\377\000I\000V\000\040\000C\000o\000m\000p\000u\000t\000e\000r\000\040\000S\000c\000i\000e\000n\000c\000e}{}% 290
\BOOKMARK [0][-]{chapter.23}{\376\377\000H\000i\000s\000t\000o\000r\000y\000\040\000O\000f\000\040\000C\000o\000m\000p\000u\000t\000e\000r\000s}{part.4}% 291
\BOOKMARK [1][-]{section.23.1}{\376\377\000E\000a\000r\000l\000y\000\040\000C\000o\000m\000p\000u\000t\000i\000n\000g}{chapter.23}% 292
\BOOKMARK [1][-]{section.23.2}{\376\377\000A\000l\000a\000n\000\040\000T\000u\000r\000i\000n\000g\000\040\000\046\000\040\000T\000h\000e\000\040\000T\000u\000r\000i\000n\000g\000\040\000M\000a\000c\000h\000i\000n\000e}{chapter.23}% 293
\BOOKMARK [1][-]{section.23.3}{\376\377\000F\000i\000r\000s\000t\000\040\000C\000o\000m\000p\000u\000t\000e\000r\000s}{chapter.23}% 294
\BOOKMARK [1][-]{section.23.4}{\376\377\000T\000h\000e\000\040\000P\000e\000r\000s\000o\000n\000a\000l\000\040\000C\000o\000m\000p\000u\000t\000e\000r\000\040\000R\000e\000v\000o\000l\000u\000t\000i\000o\000n}{chapter.23}% 295
\BOOKMARK [1][-]{section.23.5}{\376\377\000P\000r\000o\000g\000r\000a\000m\000m\000i\000n\000g}{chapter.23}% 296
\BOOKMARK [2][-]{subsection.23.5.1}{\376\377\000S\000o\000f\000t\000w\000a\000r\000e}{section.23.5}% 297
\BOOKMARK [0][-]{chapter.24}{\376\377\000H\000a\000r\000d\000w\000a\000r\000e}{part.4}% 298
\BOOKMARK [1][-]{section.24.1}{\376\377\000B\000i\000n\000a\000r\000y\000\040\000R\000e\000p\000r\000e\000s\000e\000n\000t\000a\000t\000i\000o\000n}{chapter.24}% 299
\BOOKMARK [2][-]{subsection.24.1.1}{\376\377\000L\000o\000g\000i\000c\000\040\000G\000a\000t\000e\000s}{section.24.1}% 300
\BOOKMARK [1][-]{section.24.2}{\376\377\000H\000a\000r\000d\000w\000a\000r\000e}{chapter.24}% 301
\BOOKMARK [2][-]{subsection.24.2.1}{\376\377\000A\000r\000i\000t\000h\000m\000e\000t\000i\000c\000\040\000L\000o\000g\000i\000c\000\040\000U\000n\000i\000t\000\040\000\050\000A\000L\000U\000\051}{section.24.2}% 302
\BOOKMARK [2][-]{subsection.24.2.2}{\376\377\000R\000e\000g\000i\000s\000t\000e\000r\000s\000\040\000\046\000\040\000R\000A\000M}{section.24.2}% 303
\BOOKMARK [2][-]{subsection.24.2.3}{\376\377\000C\000e\000n\000t\000r\000a\000l\000\040\000P\000r\000o\000c\000e\000s\000s\000i\000n\000g\000\040\000U\000n\000i\000t\000\040\000\050\000C\000P\000U\000\051}{section.24.2}% 304
\BOOKMARK [3][-]{subsubsection.24.2.3.1}{\376\377\000A\000p\000p\000l\000i\000c\000a\000t\000i\000o\000n\000:\000\040\000B\000u\000i\000l\000d\000i\000n\000g\000\040\000A\000\040\000C\000P\000U}{subsection.24.2.3}% 305
\BOOKMARK [3][-]{subsubsection.24.2.3.2}{\376\377\000A\000d\000v\000a\000n\000c\000e\000d\000\040\000C\000P\000U\000\040\000D\000e\000s\000i\000g\000n\000s}{subsection.24.2.3}% 306
\BOOKMARK [3][-]{subsubsection.24.2.3.3}{\376\377\000C\000a\000c\000h\000e}{subsection.24.2.3}% 307
\BOOKMARK [3][-]{subsubsection.24.2.3.4}{\376\377\000I\000n\000s\000t\000r\000u\000c\000t\000i\000o\000n\000\040\000P\000i\000p\000e\000l\000i\000n\000i\000n\000g}{subsection.24.2.3}% 308
\BOOKMARK [3][-]{subsubsection.24.2.3.5}{\376\377\000M\000u\000l\000t\000i\000-\000C\000o\000r\000e\000\040\000\046\000\040\000M\000u\000l\000t\000i\000p\000l\000e\000\040\000P\000r\000o\000c\000e\000s\000s\000o\000r\000s}{subsection.24.2.3}% 309
\BOOKMARK [2][-]{subsection.24.2.4}{\376\377\000M\000e\000m\000o\000r\000y\000\040\000\046\000\040\000S\000t\000o\000r\000a\000g\000e}{section.24.2}% 310
\BOOKMARK [2][-]{subsection.24.2.5}{\376\377\000M\000o\000t\000h\000e\000r\000b\000o\000a\000r\000d}{section.24.2}% 311
\BOOKMARK [0][-]{chapter.25}{\376\377\000O\000p\000e\000r\000a\000t\000i\000n\000g\000\040\000S\000y\000s\000t\000e\000m\000s}{part.4}% 312
\BOOKMARK [1][-]{section.25.1}{\376\377\000H\000i\000s\000t\000o\000r\000y\000\040\000O\000f\000\040\000O\000p\000e\000r\000a\000t\000i\000n\000g\000\040\000S\000y\000s\000t\000e\000m\000s}{chapter.25}% 313
\BOOKMARK [1][-]{section.25.2}{\376\377\000F\000i\000l\000e\000s\000\040\000\046\000\040\000F\000i\000l\000e\000\040\000S\000y\000s\000t\000e\000m\000s}{chapter.25}% 314
\BOOKMARK [2][-]{subsection.25.2.1}{\376\377\000F\000i\000l\000e\000s}{section.25.2}% 315
\BOOKMARK [2][-]{subsection.25.2.2}{\376\377\000F\000i\000l\000e\000\040\000S\000y\000s\000t\000e\000m\000s}{section.25.2}% 316
\BOOKMARK [1][-]{section.25.3}{\376\377\000C\000o\000m\000m\000a\000n\000d\000\040\000L\000i\000n\000e}{chapter.25}% 317
\BOOKMARK [2][-]{subsection.25.3.1}{\376\377\000C\000o\000m\000m\000a\000n\000d\000s}{section.25.3}% 318
\BOOKMARK [2][-]{subsection.25.3.2}{\376\377\000R\000e\000d\000i\000r\000e\000c\000t\000i\000o\000n}{section.25.3}% 319
\BOOKMARK [2][-]{subsection.25.3.3}{\376\377\000S\000h\000e\000l\000l}{section.25.3}% 320
\BOOKMARK [2][-]{subsection.25.3.4}{\376\377\000E\000n\000v\000i\000r\000o\000n\000m\000e\000n\000t}{section.25.3}% 321
\BOOKMARK [2][-]{subsection.25.3.5}{\376\377\000N\000a\000v\000i\000g\000a\000t\000i\000o\000n}{section.25.3}% 322
\BOOKMARK [3][-]{subsubsection.25.3.5.1}{\376\377\000F\000i\000l\000e\000s}{subsection.25.3.5}% 323
\BOOKMARK [3][-]{subsubsection.25.3.5.2}{\376\377\000D\000i\000r\000e\000c\000t\000o\000r\000i\000e\000s}{subsection.25.3.5}% 324
\BOOKMARK [2][-]{subsection.25.3.6}{\376\377\000M\000a\000n\000i\000p\000u\000l\000a\000t\000i\000o\000n}{section.25.3}% 325
\BOOKMARK [2][-]{subsection.25.3.7}{\376\377\000M\000u\000l\000t\000i\000u\000s\000e\000r}{section.25.3}% 326
\BOOKMARK [3][-]{subsubsection.25.3.7.1}{\376\377\000C\000h\000a\000n\000g\000i\000n\000g\000\040\000I\000d\000e\000n\000t\000i\000t\000i\000e\000s}{subsection.25.3.7}% 327
\BOOKMARK [3][-]{subsubsection.25.3.7.2}{\376\377\000P\000e\000r\000m\000i\000s\000s\000i\000o\000n\000s}{subsection.25.3.7}% 328
\BOOKMARK [2][-]{subsection.25.3.8}{\376\377\000M\000u\000l\000t\000i\000t\000a\000s\000k\000i\000n\000g}{section.25.3}% 329
\BOOKMARK [0][-]{chapter.26}{\376\377\000A\000l\000g\000o\000r\000i\000t\000h\000m\000s\000\040\000\046\000\040\000D\000a\000t\000a\000\040\000S\000t\000r\000u\000c\000t\000u\000r\000e\000s}{part.4}% 330
\BOOKMARK [1][-]{section.26.1}{\376\377\000B\000a\000s\000i\000c\000s\000\040\000o\000f\000\040\000A\000l\000g\000o\000r\000i\000t\000h\000m\000s\000\040\000a\000n\000d\000\040\000D\000a\000t\000a\000\040\000S\000t\000r\000u\000c\000t\000u\000r\000e\000s}{chapter.26}% 331
\BOOKMARK [0][-]{chapter.27}{\376\377\000C\000o\000m\000p\000u\000t\000e\000r\000\040\000N\000e\000t\000w\000o\000r\000k\000s}{part.4}% 332
\BOOKMARK [1][-]{section.27.1}{\376\377\000N\000e\000t\000w\000o\000r\000k\000s\000\040\000\046\000\040\000N\000o\000d\000e\000s}{chapter.27}% 333
\BOOKMARK [2][-]{subsection.27.1.1}{\376\377\000C\000l\000i\000e\000n\000t\000-\000S\000e\000r\000v\000e\000r\000\040\000M\000o\000d\000e\000l}{section.27.1}% 334
\BOOKMARK [1][-]{section.27.2}{\376\377\000C\000h\000a\000r\000a\000c\000t\000e\000r\000i\000s\000t\000i\000c\000s\000\040\000O\000f\000\040\000N\000e\000t\000w\000o\000r\000k\000s}{chapter.27}% 335
\BOOKMARK [1][-]{section.27.3}{\376\377\000T\000y\000p\000e\000s\000\040\000O\000f\000\040\000N\000e\000t\000w\000o\000r\000k\000s}{chapter.27}% 336
\BOOKMARK [1][-]{section.27.4}{\376\377\000N\000e\000t\000w\000o\000r\000k\000\040\000T\000o\000p\000o\000l\000o\000g\000i\000e\000s}{chapter.27}% 337
\BOOKMARK [1][-]{section.27.5}{\376\377\000N\000e\000t\000w\000o\000r\000k\000\040\000C\000o\000m\000m\000u\000n\000i\000c\000a\000t\000i\000o\000n}{chapter.27}% 338
\BOOKMARK [1][-]{section.27.6}{\376\377\000O\000p\000e\000n\000\040\000S\000y\000s\000t\000e\000m\000s\000\040\000I\000n\000t\000e\000r\000c\000o\000n\000n\000e\000c\000t\000i\000o\000n\000\040\000\050\000O\000S\000I\000\051}{chapter.27}% 339
\BOOKMARK [2][-]{subsection.27.6.1}{\376\377\000L\000a\000y\000e\000r\000\040\0001\000:\000\040\000P\000h\000y\000s\000i\000c\000a\000l\000\040\000L\000a\000y\000e\000r}{section.27.6}% 340
\BOOKMARK [2][-]{subsection.27.6.2}{\376\377\000L\000a\000y\000e\000r\000\040\0002\000:\000\040\000D\000a\000t\000a\000\040\000L\000i\000n\000k\000\040\000L\000a\000y\000e\000r}{section.27.6}% 341
\BOOKMARK [2][-]{subsection.27.6.3}{\376\377\000L\000a\000y\000e\000r\000\040\0003\000:\000\040\000N\000e\000t\000w\000o\000r\000k\000\040\000L\000a\000y\000e\000r}{section.27.6}% 342
\BOOKMARK [2][-]{subsection.27.6.4}{\376\377\000L\000a\000y\000e\000r\000\040\0004\000:\000\040\000T\000r\000a\000n\000s\000p\000o\000r\000t\000\040\000L\000a\000y\000e\000r}{section.27.6}% 343
\BOOKMARK [2][-]{subsection.27.6.5}{\376\377\000L\000a\000y\000e\000r\000\040\0005\000:\000\040\000S\000e\000s\000s\000i\000o\000n\000\040\000L\000a\000y\000e\000r}{section.27.6}% 344
\BOOKMARK [2][-]{subsection.27.6.6}{\376\377\000L\000a\000y\000e\000r\000\040\0006\000:\000\040\000P\000r\000e\000s\000e\000n\000t\000a\000t\000i\000o\000n\000\040\000L\000a\000y\000e\000r}{section.27.6}% 345
\BOOKMARK [2][-]{subsection.27.6.7}{\376\377\000L\000a\000y\000e\000r\000\040\0007\000:\000\040\000A\000p\000p\000l\000i\000c\000a\000t\000i\000o\000n\000\040\000L\000a\000y\000e\000r}{section.27.6}% 346
\BOOKMARK [1][-]{section.27.7}{\376\377\000N\000e\000t\000w\000o\000r\000k\000\040\000D\000e\000v\000i\000c\000e\000s\000\040\000\050\000H\000a\000r\000d\000w\000a\000r\000e\000\051}{chapter.27}% 347
\BOOKMARK [0][-]{chapter.28}{\376\377\000T\000e\000c\000h\000n\000o\000l\000o\000g\000i\000e\000s}{part.4}% 348
\BOOKMARK [1][-]{section.28.1}{\376\377\000S\000e\000r\000i\000a\000l\000i\000z\000a\000t\000i\000o\000n}{chapter.28}% 349
\BOOKMARK [2][-]{subsection.28.1.1}{\376\377\000C\000S\000V}{section.28.1}% 350
\BOOKMARK [2][-]{subsection.28.1.2}{\376\377\000J\000S\000O\000N}{section.28.1}% 351
\BOOKMARK [2][-]{subsection.28.1.3}{\376\377\000X\000M\000L}{section.28.1}% 352
\BOOKMARK [2][-]{subsection.28.1.4}{\376\377\000Y\000A\000M\000L}{section.28.1}% 353
\BOOKMARK [1][-]{section.28.2}{\376\377\000C\000r\000y\000p\000t\000o\000g\000r\000a\000p\000h\000y}{chapter.28}% 354
\BOOKMARK [2][-]{subsection.28.2.1}{\376\377\000S\000e\000c\000u\000r\000e\000\040\000S\000h\000e\000l\000l\000\040\000\050\000S\000S\000H\000\051}{section.28.2}% 355
\BOOKMARK [1][-]{section.28.3}{\376\377\000H\000o\000m\000e\000b\000r\000e\000w}{chapter.28}% 356
\BOOKMARK [2][-]{subsection.28.3.1}{\376\377\000I\000n\000s\000t\000a\000l\000l\000a\000t\000i\000o\000n}{section.28.3}% 357
\BOOKMARK [2][-]{subsection.28.3.2}{\376\377\000P\000a\000c\000k\000a\000g\000e\000\040\000M\000a\000n\000a\000g\000e\000m\000e\000n\000t}{section.28.3}% 358
\BOOKMARK [1][-]{section.28.4}{\376\377\000G\000i\000t}{chapter.28}% 359
\BOOKMARK [2][-]{subsection.28.4.1}{\376\377\000I\000n\000s\000t\000a\000l\000l\000a\000t\000i\000o\000n\000\040\000\046\000\040\000C\000o\000n\000f\000i\000g\000u\000r\000a\000t\000i\000o\000n}{section.28.4}% 360
\BOOKMARK [2][-]{subsection.28.4.2}{\376\377\000G\000i\000t\000\040\000R\000e\000p\000o\000s\000i\000t\000o\000r\000y\000\040\000\050\000R\000e\000p\000o\000\051}{section.28.4}% 361
\BOOKMARK [2][-]{subsection.28.4.3}{\376\377\000B\000r\000a\000n\000c\000h\000e\000s}{section.28.4}% 362
\BOOKMARK [2][-]{subsection.28.4.4}{\376\377\000R\000e\000m\000o\000t\000e\000\040\000R\000e\000p\000o\000s\000i\000t\000o\000r\000y\000\040\000\050\000R\000e\000m\000o\000t\000e\000\051}{section.28.4}% 363
\BOOKMARK [2][-]{subsection.28.4.5}{\376\377\000U\000s\000e\000f\000u\000l\000\040\000C\000o\000m\000m\000a\000n\000d\000s}{section.28.4}% 364
\BOOKMARK [3][-]{subsubsection.28.4.5.1}{\376\377\000G\000i\000t\000\040\000C\000h\000e\000r\000r\000y\000-\000P\000i\000c\000k}{subsection.28.4.5}% 365
\BOOKMARK [3][-]{subsubsection.28.4.5.2}{\376\377\000G\000i\000t\000\040\000S\000t\000a\000s\000h}{subsection.28.4.5}% 366
\BOOKMARK [1][-]{section.28.5}{\376\377\000D\000o\000c\000k\000e\000r}{chapter.28}% 367
\BOOKMARK [2][-]{subsection.28.5.1}{\376\377\000I\000n\000t\000r\000o\000d\000u\000c\000t\000i\000o\000n}{section.28.5}% 368
\BOOKMARK [2][-]{subsection.28.5.2}{\376\377\000I\000n\000s\000t\000a\000l\000l\000a\000t\000i\000o\000n}{section.28.5}% 369
\BOOKMARK [2][-]{subsection.28.5.3}{\376\377\000I\000m\000a\000g\000e\000s}{section.28.5}% 370
\BOOKMARK [3][-]{subsubsection.28.5.3.1}{\376\377\000B\000u\000i\000l\000d\000i\000n\000g\000\040\000I\000m\000a\000g\000e\000s}{subsection.28.5.3}% 371
\BOOKMARK [2][-]{subsection.28.5.4}{\376\377\000C\000o\000n\000t\000a\000i\000n\000e\000r\000s}{section.28.5}% 372
\BOOKMARK [3][-]{subsubsection.28.5.4.1}{\376\377\000M\000u\000l\000t\000i\000p\000l\000e\000\040\000C\000o\000n\000t\000a\000i\000n\000e\000r\000s}{subsection.28.5.4}% 373
\BOOKMARK [2][-]{subsection.28.5.5}{\376\377\000V\000o\000l\000u\000m\000e\000s}{section.28.5}% 374
\BOOKMARK [0][-]{chapter.29}{\376\377\000C\000l\000o\000u\000d\000\040\000C\000o\000m\000p\000u\000t\000i\000n\000g\000\040\000\046\000\040\000G\000o\000o\000g\000l\000e\000\040\000C\000l\000o\000u\000d}{part.4}% 375
\BOOKMARK [1][-]{section.29.1}{\376\377\000C\000l\000o\000u\000d\000\040\000C\000o\000m\000p\000u\000t\000i\000n\000g}{chapter.29}% 376
\BOOKMARK [2][-]{subsection.29.1.1}{\376\377\000D\000e\000p\000l\000o\000y\000m\000e\000n\000t\000\040\000M\000o\000d\000e\000l\000s}{section.29.1}% 377
\BOOKMARK [2][-]{subsection.29.1.2}{\376\377\000S\000e\000r\000v\000i\000c\000e\000\040\000M\000o\000d\000e\000l\000s}{section.29.1}% 378
\BOOKMARK [2][-]{subsection.29.1.3}{\376\377\000G\000e\000o\000g\000r\000a\000p\000h\000y\000\040\000\046\000\040\000R\000e\000g\000i\000o\000n\000s}{section.29.1}% 379
\BOOKMARK [1][-]{section.29.2}{\376\377\000R\000e\000s\000o\000u\000r\000c\000e\000s}{chapter.29}% 380
\BOOKMARK [1][-]{section.29.3}{\376\377\000B\000i\000l\000l\000i\000n\000g}{chapter.29}% 381
\BOOKMARK [1][-]{section.29.4}{\376\377\000I\000d\000e\000n\000t\000i\000t\000y\000\040\000\046\000\040\000A\000c\000c\000e\000s\000s\000\040\000M\000a\000n\000a\000g\000e\000m\000e\000n\000t\000\040\000\050\000I\000A\000M\000\051}{chapter.29}% 382
\BOOKMARK [2][-]{subsection.29.4.1}{\376\377\000P\000r\000i\000n\000c\000i\000p\000a\000l}{section.29.4}% 383
\BOOKMARK [2][-]{subsection.29.4.2}{\376\377\000P\000e\000r\000m\000i\000s\000s\000i\000o\000n\000s}{section.29.4}% 384
\BOOKMARK [2][-]{subsection.29.4.3}{\376\377\000R\000o\000l\000e}{section.29.4}% 385
\BOOKMARK [2][-]{subsection.29.4.4}{\376\377\000B\000i\000n\000d\000i\000n\000g}{section.29.4}% 386
\BOOKMARK [2][-]{subsection.29.4.5}{\376\377\000P\000o\000l\000i\000c\000y}{section.29.4}% 387
\BOOKMARK [2][-]{subsection.29.4.6}{\376\377\000I\000d\000e\000n\000t\000i\000t\000y\000\040\000\046\000\040\000A\000c\000c\000e\000s\000s\000\040\000M\000a\000n\000a\000g\000e\000m\000e\000n\000t\000\040\000\050\000I\000A\000M\000\051}{section.29.4}% 388
\BOOKMARK [1][-]{section.29.5}{\376\377\000A\000P\000I\000s\000\040\000\046\000\040\000S\000e\000r\000v\000i\000c\000e\000s}{chapter.29}% 389
\BOOKMARK [2][-]{subsection.29.5.1}{\376\377\000C\000l\000i\000e\000n\000t\000\040\000L\000i\000b\000r\000a\000r\000i\000e\000s}{section.29.5}% 390
\BOOKMARK [1][-]{section.29.6}{\376\377\000G\000o\000o\000g\000l\000e\000\040\000C\000l\000o\000u\000d\000\040\000S\000D\000K}{chapter.29}% 391
\BOOKMARK [2][-]{subsection.29.6.1}{\376\377\000A\000u\000t\000h\000o\000r\000i\000z\000a\000t\000i\000o\000n}{section.29.6}% 392
\BOOKMARK [2][-]{subsection.29.6.2}{\376\377\000P\000r\000o\000p\000e\000r\000t\000i\000e\000s\000\040\000\046\000\040\000C\000o\000n\000f\000i\000g\000u\000r\000a\000t\000i\000o\000n\000s}{section.29.6}% 393
\BOOKMARK [2][-]{subsection.29.6.3}{\376\377\000C\000o\000m\000p\000o\000n\000e\000n\000t\000s}{section.29.6}% 394
\BOOKMARK [2][-]{subsection.29.6.4}{\376\377\000P\000r\000o\000j\000e\000c\000t\000s}{section.29.6}% 395
\BOOKMARK [2][-]{subsection.29.6.5}{\376\377\000I\000A\000M}{section.29.6}% 396
\BOOKMARK [1][-]{section.29.7}{\376\377\000G\000o\000o\000g\000l\000e\000\040\000C\000o\000m\000p\000u\000t\000e\000\040\000E\000n\000g\000i\000n\000e\000\040\000\050\000G\000C\000E\000\051}{chapter.29}% 397
\BOOKMARK [2][-]{subsection.29.7.1}{\376\377\000M\000a\000c\000h\000i\000n\000e\000\040\000C\000o\000n\000f\000i\000g\000u\000r\000a\000t\000i\000o\000n}{section.29.7}% 398
\BOOKMARK [2][-]{subsection.29.7.2}{\376\377\000B\000o\000o\000t\000\040\000D\000i\000s\000c}{section.29.7}% 399
\BOOKMARK [2][-]{subsection.29.7.3}{\376\377\000B\000i\000l\000l\000i\000n\000g}{section.29.7}% 400
\BOOKMARK [2][-]{subsection.29.7.4}{\376\377\000C\000o\000n\000n\000e\000c\000t\000i\000n\000g\000\040\000T\000o\000\040\000A\000n\000\040\000I\000n\000s\000t\000a\000n\000c\000e}{section.29.7}% 401
\BOOKMARK [1][-]{section.29.8}{\376\377\000G\000o\000o\000g\000l\000e\000\040\000K\000u\000b\000e\000r\000n\000e\000t\000e\000s\000\040\000E\000n\000g\000i\000n\000e\000\040\000\050\000G\000K\000E\000\051}{chapter.29}% 402
\BOOKMARK [2][-]{subsection.29.8.1}{\376\377\000K\000u\000b\000e\000r\000n\000e\000t\000e\000s}{section.29.8}% 403
\BOOKMARK [2][-]{subsection.29.8.2}{\376\377\000C\000o\000m\000p\000o\000n\000e\000n\000t\000s}{section.29.8}% 404
\BOOKMARK [2][-]{subsection.29.8.3}{\376\377\000G\000o\000o\000g\000l\000e\000\040\000K\000u\000b\000e\000r\000n\000e\000t\000e\000s\000\040\000E\000n\000g\000i\000n\000e\000\040\000\050\000G\000K\000E\000\051}{section.29.8}% 405
\BOOKMARK [2][-]{subsection.29.8.4}{\376\377\000K\000u\000b\000e\000c\000t\000l}{section.29.8}% 406
\BOOKMARK [-1][-]{part.5}{\376\377\000V\000\040\000E\000c\000o\000n\000o\000m\000i\000c\000s\000\040\000\046\000\040\000F\000i\000n\000a\000n\000c\000e}{}% 407
\BOOKMARK [0][-]{chapter.30}{\376\377\000P\000r\000i\000n\000c\000i\000p\000l\000e\000s\000\040\000O\000f\000\040\000E\000c\000o\000n\000o\000m\000i\000c\000s}{part.5}% 408
\BOOKMARK [1][-]{section.30.1}{\376\377\000I\000n\000t\000r\000o\000d\000u\000c\000t\000i\000o\000n}{chapter.30}% 409
\BOOKMARK [2][-]{subsection.30.1.1}{\376\377\000G\000o\000o\000d\000s\000\040\000\046\000\040\000S\000e\000r\000v\000i\000c\000e\000s}{section.30.1}% 410
\BOOKMARK [2][-]{subsection.30.1.2}{\376\377\000S\000c\000a\000r\000c\000i\000t\000y}{section.30.1}% 411
\BOOKMARK [2][-]{subsection.30.1.3}{\376\377\000E\000c\000o\000n\000o\000m\000i\000c\000s}{section.30.1}% 412
\BOOKMARK [1][-]{section.30.2}{\376\377\000T\000h\000e\000\040\000T\000e\000n\000\040\000P\000r\000i\000n\000c\000i\000p\000l\000e\000s\000\040\000O\000f\000\040\000E\000c\000o\000n\000o\000m\000i\000c\000s}{chapter.30}% 413
\BOOKMARK [0][-]{chapter.31}{\376\377\000M\000i\000c\000r\000o\000e\000c\000o\000n\000o\000m\000i\000c\000s}{part.5}% 414
\BOOKMARK [1][-]{section.31.1}{\376\377\000T\000h\000e\000\040\000M\000a\000r\000k\000e\000t\000\040\000F\000o\000r\000c\000e\000s\000\040\000O\000f\000\040\000S\000u\000p\000p\000l\000y\000\040\000A\000n\000d\000\040\000D\000e\000m\000a\000n\000d}{chapter.31}% 415
\BOOKMARK [2][-]{subsection.31.1.1}{\376\377\000D\000e\000m\000a\000n\000d}{section.31.1}% 416
\BOOKMARK [2][-]{subsection.31.1.2}{\376\377\000S\000u\000p\000p\000l\000y}{section.31.1}% 417
\BOOKMARK [2][-]{subsection.31.1.3}{\376\377\000S\000u\000p\000p\000l\000y\000\040\000A\000n\000d\000\040\000D\000e\000m\000a\000n\000d}{section.31.1}% 418
\BOOKMARK [2][-]{subsection.31.1.4}{\376\377\000A\000p\000p\000l\000i\000c\000a\000t\000i\000o\000n\000:\000\040\000C\000h\000a\000n\000g\000e\000s\000\040\000I\000n\000\040\000M\000a\000r\000k\000e\000t\000\040\000E\000q\000u\000i\000l\000i\000b\000r\000i\000u\000m\000\040\000D\000u\000e\000\040\000T\000o\000\040\000S\000h\000i\000f\000t\000s}{section.31.1}% 419
\BOOKMARK [1][-]{section.31.2}{\376\377\000E\000l\000a\000s\000t\000i\000c\000i\000t\000y}{chapter.31}% 420
\BOOKMARK [2][-]{subsection.31.2.1}{\376\377\000T\000h\000e\000\040\000E\000l\000a\000s\000t\000i\000c\000i\000t\000y\000\040\000O\000f\000\040\000D\000e\000m\000a\000n\000d}{section.31.2}% 421
\BOOKMARK [2][-]{subsection.31.2.2}{\376\377\000T\000h\000e\000\040\000E\000l\000a\000s\000t\000i\000c\000i\000t\000y\000\040\000O\000f\000\040\000S\000u\000p\000p\000l\000y}{section.31.2}% 422
\BOOKMARK [1][-]{section.31.3}{\376\377\000A\000p\000p\000l\000i\000c\000a\000t\000i\000o\000n\000s\000\040\000O\000f\000\040\000S\000u\000p\000p\000l\000y\000,\000\040\000D\000e\000m\000a\000n\000d\000,\000\040\000A\000n\000d\000\040\000E\000l\000a\000s\000t\000i\000c\000i\000t\000y}{chapter.31}% 423
\BOOKMARK [2][-]{subsection.31.3.1}{\376\377\000V\000a\000r\000i\000o\000u\000s}{section.31.3}% 424
\BOOKMARK [2][-]{subsection.31.3.2}{\376\377\000P\000r\000i\000c\000e\000\040\000C\000o\000n\000t\000r\000o\000l\000s}{section.31.3}% 425
\BOOKMARK [2][-]{subsection.31.3.3}{\376\377\000T\000a\000x\000e\000s}{section.31.3}% 426
\BOOKMARK [1][-]{section.31.4}{\376\377\000C\000o\000n\000s\000u\000m\000e\000r\000s\000,\000\040\000P\000r\000o\000d\000u\000c\000e\000r\000s\000,\000\040\000A\000n\000d\000\040\000T\000h\000e\000\040\000E\000f\000f\000i\000c\000i\000e\000n\000c\000y\000\040\000O\000f\000\040\000M\000a\000r\000k\000e\000t\000s}{chapter.31}% 427
\BOOKMARK [2][-]{subsection.31.4.1}{\376\377\000C\000o\000n\000s\000u\000m\000e\000r\000\040\000S\000u\000r\000p\000l\000u\000s}{section.31.4}% 428
\BOOKMARK [2][-]{subsection.31.4.2}{\376\377\000P\000r\000o\000d\000u\000c\000e\000r\000\040\000S\000u\000r\000p\000l\000u\000s}{section.31.4}% 429
\BOOKMARK [2][-]{subsection.31.4.3}{\376\377\000M\000a\000r\000k\000e\000t\000\040\000E\000f\000f\000i\000c\000i\000e\000n\000c\000y}{section.31.4}% 430
\BOOKMARK [2][-]{subsection.31.4.4}{\376\377\000A\000p\000p\000l\000i\000c\000a\000t\000i\000o\000n\000:\000\040\000E\000f\000f\000i\000c\000i\000e\000n\000c\000y\000\040\000O\000f\000\040\000M\000a\000r\000k\000e\000t\000s\000\040\000\046\000\040\000E\000x\000t\000e\000r\000n\000a\000l\000i\000t\000i\000e\000s}{section.31.4}% 431
\BOOKMARK [1][-]{section.31.5}{\376\377\000C\000o\000n\000s\000u\000m\000e\000r\000\040\000T\000h\000e\000o\000r\000y}{chapter.31}% 432
\BOOKMARK [2][-]{subsection.31.5.1}{\376\377\000T\000h\000e\000\040\000B\000u\000d\000g\000e\000t\000\040\000C\000o\000n\000s\000t\000r\000a\000i\000n\000t}{section.31.5}% 433
\BOOKMARK [2][-]{subsection.31.5.2}{\376\377\000I\000n\000d\000i\000f\000f\000e\000r\000e\000n\000c\000e\000\040\000C\000u\000r\000v\000e\000s}{section.31.5}% 434
\BOOKMARK [2][-]{subsection.31.5.3}{\376\377\000O\000p\000t\000i\000m\000i\000z\000a\000t\000i\000o\000n}{section.31.5}% 435
\BOOKMARK [1][-]{section.31.6}{\376\377\000F\000r\000o\000n\000t\000i\000e\000r\000s\000\040\000O\000f\000\040\000M\000i\000c\000r\000o\000e\000c\000o\000n\000o\000m\000i\000c\000s}{chapter.31}% 436
\BOOKMARK [2][-]{subsection.31.6.1}{\376\377\000A\000s\000y\000m\000m\000e\000t\000r\000i\000c\000\040\000I\000n\000f\000o\000r\000m\000a\000t\000i\000o\000n}{section.31.6}% 437
\BOOKMARK [2][-]{subsection.31.6.2}{\376\377\000P\000o\000l\000i\000t\000i\000c\000a\000l\000\040\000E\000c\000o\000n\000o\000m\000y}{section.31.6}% 438
\BOOKMARK [2][-]{subsection.31.6.3}{\376\377\000B\000e\000h\000a\000v\000i\000o\000r\000a\000l\000\040\000E\000c\000o\000n\000o\000m\000i\000c\000s}{section.31.6}% 439
\BOOKMARK [0][-]{chapter.32}{\376\377\000F\000i\000n\000a\000n\000c\000i\000a\000l\000\040\000S\000t\000a\000t\000e\000m\000e\000n\000t\000s}{part.5}% 440
\BOOKMARK [1][-]{section.32.1}{\376\377\000B\000a\000s\000i\000c\000\040\000A\000c\000c\000o\000u\000n\000t\000a\000n\000t\000s\000\040\000P\000r\000i\000n\000c\000i\000p\000l\000e\000s}{chapter.32}% 441
\BOOKMARK [1][-]{section.32.2}{\376\377\000B\000a\000l\000a\000n\000c\000e\000\040\000S\000h\000e\000e\000t}{chapter.32}% 442
\BOOKMARK [2][-]{subsection.32.2.1}{\376\377\000A\000s\000s\000e\000t\000s}{section.32.2}% 443
\BOOKMARK [3][-]{subsubsection.32.2.1.1}{\376\377\000C\000u\000r\000r\000e\000n\000t\000\040\000A\000s\000s\000e\000t\000s}{subsection.32.2.1}% 444
\BOOKMARK [3][-]{subsubsection.32.2.1.2}{\376\377\000O\000t\000h\000e\000r\000\040\000A\000s\000s\000e\000t\000s}{subsection.32.2.1}% 445
\BOOKMARK [3][-]{subsubsection.32.2.1.3}{\376\377\000F\000i\000x\000e\000d\000\040\000A\000s\000s\000e\000t\000s}{subsection.32.2.1}% 446
\BOOKMARK [3][-]{subsubsection.32.2.1.4}{\376\377\000T\000o\000t\000a\000l\000\040\000A\000s\000s\000e\000t\000s}{subsection.32.2.1}% 447
\BOOKMARK [2][-]{subsection.32.2.2}{\376\377\000L\000i\000a\000b\000i\000l\000i\000t\000i\000e\000s\000\040\000\046\000\040\000E\000q\000u\000i\000t\000y}{section.32.2}% 448
\BOOKMARK [3][-]{subsubsection.32.2.2.1}{\376\377\000C\000u\000r\000r\000e\000n\000t\000\040\000L\000i\000a\000b\000i\000l\000i\000t\000i\000e\000s}{subsection.32.2.2}% 449
\BOOKMARK [3][-]{subsubsection.32.2.2.2}{\376\377\000L\000o\000n\000g\000-\000T\000e\000r\000m\000\040\000L\000i\000a\000b\000i\000l\000i\000t\000i\000e\000s}{subsection.32.2.2}% 450
\BOOKMARK [3][-]{subsubsection.32.2.2.3}{\376\377\000T\000o\000t\000a\000l\000\040\000L\000i\000a\000b\000i\000l\000i\000t\000i\000e\000s}{subsection.32.2.2}% 451
\BOOKMARK [3][-]{subsubsection.32.2.2.4}{\376\377\000E\000q\000u\000i\000t\000y}{subsection.32.2.2}% 452
\BOOKMARK [2][-]{subsection.32.2.3}{\376\377\000B\000a\000l\000a\000n\000c\000e\000\040\000S\000h\000e\000e\000t\000\040\000S\000u\000m\000m\000a\000r\000y}{section.32.2}% 453
\BOOKMARK [1][-]{section.32.3}{\376\377\000I\000n\000c\000o\000m\000e\000\040\000S\000t\000a\000t\000e\000m\000e\000n\000t}{chapter.32}% 454
\BOOKMARK [2][-]{subsection.32.3.1}{\376\377\000S\000a\000l\000e\000s}{section.32.3}% 455
\BOOKMARK [2][-]{subsection.32.3.2}{\376\377\000C\000o\000s\000t\000s\000\040\000\046\000\040\000E\000x\000p\000e\000n\000s\000e\000s}{section.32.3}% 456
\BOOKMARK [2][-]{subsection.32.3.3}{\376\377\000I\000n\000c\000o\000m\000e}{section.32.3}% 457
\BOOKMARK [2][-]{subsection.32.3.4}{\376\377\000I\000n\000c\000o\000m\000e\000\040\000S\000t\000a\000t\000e\000m\000e\000n\000t\000\040\000S\000u\000m\000m\000a\000r\000y}{section.32.3}% 458
\BOOKMARK [1][-]{section.32.4}{\376\377\000C\000a\000s\000h\000\040\000F\000l\000o\000w\000\040\000S\000t\000a\000t\000e\000m\000e\000n\000t}{chapter.32}% 459
\BOOKMARK [2][-]{subsection.32.4.1}{\376\377\000C\000a\000s\000h\000\040\000F\000l\000o\000w\000\040\000S\000t\000a\000t\000e\000m\000e\000n\000t\000\040\000S\000u\000m\000m\000a\000r\000y}{section.32.4}% 460
\BOOKMARK [0][-]{section*.461}{\376\377\000A\000p\000p\000e\000n\000d\000i\000c\000e\000s}{part.5}% 461
\BOOKMARK [0][-]{appendix.a.A}{\376\377\000C\000o\000n\000s\000t\000r\000a\000i\000n\000e\000d\000\040\000O\000p\000t\000i\000m\000i\000z\000a\000t\000i\000o\000n}{part.5}% 462
\BOOKMARK [1][-]{section.a.A.1}{\376\377\000E\000q\000u\000a\000l\000i\000t\000y\000\040\000C\000o\000n\000s\000t\000r\000a\000i\000n\000e\000d\000\040\000O\000p\000t\000i\000m\000i\000z\000a\000t\000i\000o\000n}{appendix.a.A}% 463
\BOOKMARK [1][-]{section.a.A.2}{\376\377\000E\000q\000u\000a\000l\000i\000t\000y\000\040\000\046\000\040\000I\000n\000e\000q\000u\000a\000l\000i\000t\000y\000\040\000C\000o\000n\000s\000t\000r\000a\000i\000n\000e\000d\000\040\000O\000p\000t\000i\000m\000i\000z\000a\000t\000i\000o\000n}{appendix.a.A}% 464
\BOOKMARK [0][-]{appendix.a.B}{\376\377\000K\000e\000r\000n\000e\000l\000s}{part.5}% 465
\BOOKMARK [0][-]{appendix.a.C}{\376\377\000C\000l\000e\000a\000n\000\040\000C\000o\000d\000e}{part.5}% 466
\BOOKMARK [0][-]{appendix.a.D}{\376\377\000S\000o\000f\000t\000w\000a\000r\000e\000\040\000E\000n\000g\000i\000n\000e\000e\000r\000i\000n\000g\000\040\000A\000t\000\040\000G\000o\000o\000g\000l\000e}{part.5}% 467
\BOOKMARK [0][-]{appendix.a.E}{\376\377\000H\000a\000n\000d\000s\000-\000O\000n\000\040\000M\000a\000c\000h\000i\000n\000e\000\040\000L\000e\000a\000r\000n\000i\000n\000g\000\040\000W\000i\000t\000h\000\040\000S\000c\000i\000k\000i\000t\000-\000L\000e\000a\000r\000n\000\040\000A\000n\000d\000\040\000T\000e\000n\000s\000o\000r\000F\000l\000o\000w}{part.5}% 468
