\BOOKMARK [0][-]{chapter.1}{\376\377\000G\000o\000o\000g\000l\000e\000\040\000C\000l\000o\000u\000d}{}% 1
\BOOKMARK [1][-]{section.1.1}{\376\377\000C\000l\000o\000u\000d\000\040\000C\000o\000m\000p\000u\000t\000i\000n\000g}{chapter.1}% 2
\BOOKMARK [2][-]{subsection.1.1.1}{\376\377\000D\000e\000p\000l\000o\000y\000m\000e\000n\000t\000\040\000M\000o\000d\000e\000l\000s}{section.1.1}% 3
\BOOKMARK [2][-]{subsection.1.1.2}{\376\377\000S\000e\000r\000v\000i\000c\000e\000\040\000M\000o\000d\000e\000l\000s}{section.1.1}% 4
\BOOKMARK [2][-]{subsection.1.1.3}{\376\377\000G\000e\000o\000g\000r\000a\000p\000h\000y\000\040\000\046\000\040\000R\000e\000g\000i\000o\000n\000s}{section.1.1}% 5
\BOOKMARK [1][-]{section.1.2}{\376\377\000R\000e\000s\000o\000u\000r\000c\000e\000s}{chapter.1}% 6
\BOOKMARK [1][-]{section.1.3}{\376\377\000B\000i\000l\000l\000i\000n\000g}{chapter.1}% 7
\BOOKMARK [1][-]{section.1.4}{\376\377\000I\000d\000e\000n\000t\000i\000t\000y\000\040\000\046\000\040\000A\000c\000c\000e\000s\000s\000\040\000M\000a\000n\000a\000g\000e\000m\000e\000n\000t\000\040\000\050\000I\000A\000M\000\051}{chapter.1}% 8
\BOOKMARK [2][-]{subsection.1.4.1}{\376\377\000P\000r\000i\000n\000c\000i\000p\000a\000l}{section.1.4}% 9
\BOOKMARK [2][-]{subsection.1.4.2}{\376\377\000P\000e\000r\000m\000i\000s\000s\000i\000o\000n\000s}{section.1.4}% 10
\BOOKMARK [2][-]{subsection.1.4.3}{\376\377\000R\000o\000l\000e}{section.1.4}% 11
\BOOKMARK [2][-]{subsection.1.4.4}{\376\377\000B\000i\000n\000d\000i\000n\000g}{section.1.4}% 12
\BOOKMARK [2][-]{subsection.1.4.5}{\376\377\000P\000o\000l\000i\000c\000y}{section.1.4}% 13
\BOOKMARK [2][-]{subsection.1.4.6}{\376\377\000I\000d\000e\000n\000t\000i\000t\000y\000\040\000\046\000\040\000A\000c\000c\000e\000s\000s\000\040\000M\000a\000n\000a\000g\000e\000m\000e\000n\000t\000\040\000\050\000I\000A\000M\000\051}{section.1.4}% 14
\BOOKMARK [1][-]{section.1.5}{\376\377\000A\000P\000I\000s\000\040\000\046\000\040\000S\000e\000r\000v\000i\000c\000e\000s}{chapter.1}% 15
\BOOKMARK [2][-]{subsection.1.5.1}{\376\377\000C\000l\000i\000e\000n\000t\000\040\000L\000i\000b\000r\000a\000r\000i\000e\000s}{section.1.5}% 16
\BOOKMARK [1][-]{section.1.6}{\376\377\000G\000o\000o\000g\000l\000e\000\040\000C\000l\000o\000u\000d\000\040\000S\000D\000K}{chapter.1}% 17
\BOOKMARK [2][-]{subsection.1.6.1}{\376\377\000A\000u\000t\000h\000o\000r\000i\000z\000a\000t\000i\000o\000n}{section.1.6}% 18
\BOOKMARK [2][-]{subsection.1.6.2}{\376\377\000P\000r\000o\000p\000e\000r\000t\000i\000e\000s\000\040\000\046\000\040\000C\000o\000n\000f\000i\000g\000u\000r\000a\000t\000i\000o\000n\000s}{section.1.6}% 19
\BOOKMARK [2][-]{subsection.1.6.3}{\376\377\000C\000o\000m\000p\000o\000n\000e\000n\000t\000s}{section.1.6}% 20
\BOOKMARK [2][-]{subsection.1.6.4}{\376\377\000P\000r\000o\000j\000e\000c\000t\000s}{section.1.6}% 21
\BOOKMARK [2][-]{subsection.1.6.5}{\376\377\000I\000A\000M}{section.1.6}% 22
\BOOKMARK [1][-]{section.1.7}{\376\377\000G\000o\000o\000g\000l\000e\000\040\000C\000o\000m\000p\000u\000t\000e\000\040\000E\000n\000g\000i\000n\000e\000\040\000\050\000G\000C\000E\000\051}{chapter.1}% 23
\BOOKMARK [2][-]{subsection.1.7.1}{\376\377\000M\000a\000c\000h\000i\000n\000e\000\040\000C\000o\000n\000f\000i\000g\000u\000r\000a\000t\000i\000o\000n}{section.1.7}% 24
\BOOKMARK [2][-]{subsection.1.7.2}{\376\377\000B\000o\000o\000t\000\040\000D\000i\000s\000c}{section.1.7}% 25
\BOOKMARK [2][-]{subsection.1.7.3}{\376\377\000B\000i\000l\000l\000i\000n\000g}{section.1.7}% 26
\BOOKMARK [2][-]{subsection.1.7.4}{\376\377\000C\000o\000n\000n\000e\000c\000t\000i\000n\000g\000\040\000T\000o\000\040\000A\000n\000\040\000I\000n\000s\000t\000a\000n\000c\000e}{section.1.7}% 27
\BOOKMARK [1][-]{section.1.8}{\376\377\000G\000o\000o\000g\000l\000e\000\040\000K\000u\000b\000e\000r\000n\000e\000t\000e\000s\000\040\000E\000n\000g\000i\000n\000e\000\040\000\050\000G\000K\000E\000\051}{chapter.1}% 28
\BOOKMARK [2][-]{subsection.1.8.1}{\376\377\000K\000u\000b\000e\000r\000n\000e\000t\000e\000s}{section.1.8}% 29
\BOOKMARK [2][-]{subsection.1.8.2}{\376\377\000C\000o\000m\000p\000o\000n\000e\000n\000t\000s}{section.1.8}% 30
\BOOKMARK [2][-]{subsection.1.8.3}{\376\377\000G\000o\000o\000g\000l\000e\000\040\000K\000u\000b\000e\000r\000n\000e\000t\000e\000s\000\040\000E\000n\000g\000i\000n\000e\000\040\000\050\000G\000K\000E\000\051}{section.1.8}% 31
\BOOKMARK [2][-]{subsection.1.8.4}{\376\377\000K\000u\000b\000e\000c\000t\000l}{section.1.8}% 32
